[0.160s] DEBUG:colcon:Command line arguments: ['/usr/bin/colcon', 'build', '--symlink-install']
[0.161s] DEBUG:colcon:Parsed command line arguments: Namespace(allow_overriding=[], ament_cmake_args=None, base_paths=['.'], build_base='build', catkin_cmake_args=None, catkin_skip_building_tests=False, cmake_args=None, cmake_clean_cache=False, cmake_clean_first=False, cmake_force_configure=False, cmake_target=None, cmake_target_skip_unavailable=False, continue_on_error=False, event_handlers=None, executor='parallel', ignore_user_meta=False, install_base='install', log_base=None, log_level=None, main=<bound method BuildVerb.main of <colcon_core.verb.build.BuildVerb object at 0x7d3337c4d6d0>>, merge_install=False, metas=['./colcon.meta'], mixin=None, mixin_files=None, mixin_verb=('build',), packages_above=None, packages_above_and_dependencies=None, packages_above_depth=None, packages_end=None, packages_ignore=None, packages_ignore_regex=None, packages_select=None, packages_select_build_failed=False, packages_select_by_dep=None, packages_select_regex=None, packages_select_test_failures=False, packages_skip=None, packages_skip_build_finished=False, packages_skip_by_dep=None, packages_skip_regex=None, packages_skip_test_passed=False, packages_skip_up_to=None, packages_start=None, packages_up_to=None, packages_up_to_regex=None, parallel_workers=2, paths=None, symlink_install=True, test_result_base=None, verb_extension=<colcon_core.verb.build.BuildVerb object at 0x7d3337c4d6d0>, verb_name='build', verb_parser=<colcon_mixin.mixin.mixin_argument.MixinArgumentDecorator object at 0x7d3337c4ddf0>)
[0.265s] Level 1:colcon.colcon_core.package_discovery:discover_packages(colcon_meta) check parameters
[0.265s] Level 1:colcon.colcon_core.package_discovery:discover_packages(recursive) check parameters
[0.265s] Level 1:colcon.colcon_core.package_discovery:discover_packages(ignore) check parameters
[0.265s] Level 1:colcon.colcon_core.package_discovery:discover_packages(path) check parameters
[0.265s] Level 1:colcon.colcon_core.package_discovery:discover_packages(colcon_meta) discover
[0.265s] Level 1:colcon.colcon_core.package_discovery:discover_packages(recursive) discover
[0.265s] INFO:colcon.colcon_core.package_discovery:Crawling recursively for packages in '/workspaces/ROS2Project'
[0.265s] Level 1:colcon.colcon_core.package_identification:_identify(.) by extensions ['ignore', 'ignore_ament_install']
[0.265s] Level 1:colcon.colcon_core.package_identification:_identify(.) by extension 'ignore'
[0.265s] Level 1:colcon.colcon_core.package_identification:_identify(.) by extension 'ignore_ament_install'
[0.266s] Level 1:colcon.colcon_core.package_identification:_identify(.) by extensions ['colcon_pkg']
[0.266s] Level 1:colcon.colcon_core.package_identification:_identify(.) by extension 'colcon_pkg'
[0.266s] Level 1:colcon.colcon_core.package_identification:_identify(.) by extensions ['colcon_meta']
[0.266s] Level 1:colcon.colcon_core.package_identification:_identify(.) by extension 'colcon_meta'
[0.266s] Level 1:colcon.colcon_core.package_identification:_identify(.) by extensions ['ros']
[0.266s] Level 1:colcon.colcon_core.package_identification:_identify(.) by extension 'ros'
[0.280s] Level 1:colcon.colcon_core.package_identification:_identify(.) by extensions ['cmake', 'python']
[0.280s] Level 1:colcon.colcon_core.package_identification:_identify(.) by extension 'cmake'
[0.281s] Level 1:colcon.colcon_core.package_identification:_identify(.) by extension 'python'
[0.281s] Level 1:colcon.colcon_core.package_identification:_identify(.) by extensions ['python_setup_py']
[0.281s] Level 1:colcon.colcon_core.package_identification:_identify(.) by extension 'python_setup_py'
[0.281s] Level 1:colcon.colcon_core.package_identification:_identify(build) by extensions ['ignore', 'ignore_ament_install']
[0.281s] Level 1:colcon.colcon_core.package_identification:_identify(build) by extension 'ignore'
[0.281s] Level 1:colcon.colcon_core.package_identification:_identify(build) ignored
[0.281s] Level 1:colcon.colcon_core.package_identification:_identify(install) by extensions ['ignore', 'ignore_ament_install']
[0.281s] Level 1:colcon.colcon_core.package_identification:_identify(install) by extension 'ignore'
[0.281s] Level 1:colcon.colcon_core.package_identification:_identify(install) ignored
[0.281s] Level 1:colcon.colcon_core.package_identification:_identify(log) by extensions ['ignore', 'ignore_ament_install']
[0.282s] Level 1:colcon.colcon_core.package_identification:_identify(log) by extension 'ignore'
[0.282s] Level 1:colcon.colcon_core.package_identification:_identify(log) ignored
[0.282s] Level 1:colcon.colcon_core.package_identification:_identify(ros_ws) by extensions ['ignore', 'ignore_ament_install']
[0.282s] Level 1:colcon.colcon_core.package_identification:_identify(ros_ws) by extension 'ignore'
[0.282s] Level 1:colcon.colcon_core.package_identification:_identify(ros_ws) by extension 'ignore_ament_install'
[0.282s] Level 1:colcon.colcon_core.package_identification:_identify(ros_ws) by extensions ['colcon_pkg']
[0.282s] Level 1:colcon.colcon_core.package_identification:_identify(ros_ws) by extension 'colcon_pkg'
[0.282s] Level 1:colcon.colcon_core.package_identification:_identify(ros_ws) by extensions ['colcon_meta']
[0.282s] Level 1:colcon.colcon_core.package_identification:_identify(ros_ws) by extension 'colcon_meta'
[0.282s] Level 1:colcon.colcon_core.package_identification:_identify(ros_ws) by extensions ['ros']
[0.282s] Level 1:colcon.colcon_core.package_identification:_identify(ros_ws) by extension 'ros'
[0.282s] Level 1:colcon.colcon_core.package_identification:_identify(ros_ws) by extensions ['cmake', 'python']
[0.282s] Level 1:colcon.colcon_core.package_identification:_identify(ros_ws) by extension 'cmake'
[0.282s] Level 1:colcon.colcon_core.package_identification:_identify(ros_ws) by extension 'python'
[0.282s] Level 1:colcon.colcon_core.package_identification:_identify(ros_ws) by extensions ['python_setup_py']
[0.282s] Level 1:colcon.colcon_core.package_identification:_identify(ros_ws) by extension 'python_setup_py'
[0.283s] Level 1:colcon.colcon_core.package_identification:_identify(ros_ws/src) by extensions ['ignore', 'ignore_ament_install']
[0.283s] Level 1:colcon.colcon_core.package_identification:_identify(ros_ws/src) by extension 'ignore'
[0.283s] Level 1:colcon.colcon_core.package_identification:_identify(ros_ws/src) by extension 'ignore_ament_install'
[0.283s] Level 1:colcon.colcon_core.package_identification:_identify(ros_ws/src) by extensions ['colcon_pkg']
[0.283s] Level 1:colcon.colcon_core.package_identification:_identify(ros_ws/src) by extension 'colcon_pkg'
[0.283s] Level 1:colcon.colcon_core.package_identification:_identify(ros_ws/src) by extensions ['colcon_meta']
[0.283s] Level 1:colcon.colcon_core.package_identification:_identify(ros_ws/src) by extension 'colcon_meta'
[0.283s] Level 1:colcon.colcon_core.package_identification:_identify(ros_ws/src) by extensions ['ros']
[0.283s] Level 1:colcon.colcon_core.package_identification:_identify(ros_ws/src) by extension 'ros'
[0.283s] Level 1:colcon.colcon_core.package_identification:_identify(ros_ws/src) by extensions ['cmake', 'python']
[0.283s] Level 1:colcon.colcon_core.package_identification:_identify(ros_ws/src) by extension 'cmake'
[0.283s] Level 1:colcon.colcon_core.package_identification:_identify(ros_ws/src) by extension 'python'
[0.283s] Level 1:colcon.colcon_core.package_identification:_identify(ros_ws/src) by extensions ['python_setup_py']
[0.283s] Level 1:colcon.colcon_core.package_identification:_identify(ros_ws/src) by extension 'python_setup_py'
[0.283s] Level 1:colcon.colcon_core.package_identification:_identify(ros_ws/src/hvac_actuators) by extensions ['ignore', 'ignore_ament_install']
[0.284s] Level 1:colcon.colcon_core.package_identification:_identify(ros_ws/src/hvac_actuators) by extension 'ignore'
[0.284s] Level 1:colcon.colcon_core.package_identification:_identify(ros_ws/src/hvac_actuators) by extension 'ignore_ament_install'
[0.284s] Level 1:colcon.colcon_core.package_identification:_identify(ros_ws/src/hvac_actuators) by extensions ['colcon_pkg']
[0.284s] Level 1:colcon.colcon_core.package_identification:_identify(ros_ws/src/hvac_actuators) by extension 'colcon_pkg'
[0.284s] Level 1:colcon.colcon_core.package_identification:_identify(ros_ws/src/hvac_actuators) by extensions ['colcon_meta']
[0.284s] Level 1:colcon.colcon_core.package_identification:_identify(ros_ws/src/hvac_actuators) by extension 'colcon_meta'
[0.284s] Level 1:colcon.colcon_core.package_identification:_identify(ros_ws/src/hvac_actuators) by extensions ['ros']
[0.284s] Level 1:colcon.colcon_core.package_identification:_identify(ros_ws/src/hvac_actuators) by extension 'ros'
[0.286s] DEBUG:colcon.colcon_core.package_identification:Package 'ros_ws/src/hvac_actuators' with type 'ros.ament_python' and name 'hvac_actuators'
[0.287s] Level 1:colcon.colcon_core.package_identification:_identify(ros_ws/src/hvac_control) by extensions ['ignore', 'ignore_ament_install']
[0.287s] Level 1:colcon.colcon_core.package_identification:_identify(ros_ws/src/hvac_control) by extension 'ignore'
[0.287s] Level 1:colcon.colcon_core.package_identification:_identify(ros_ws/src/hvac_control) by extension 'ignore_ament_install'
[0.287s] Level 1:colcon.colcon_core.package_identification:_identify(ros_ws/src/hvac_control) by extensions ['colcon_pkg']
[0.287s] Level 1:colcon.colcon_core.package_identification:_identify(ros_ws/src/hvac_control) by extension 'colcon_pkg'
[0.287s] Level 1:colcon.colcon_core.package_identification:_identify(ros_ws/src/hvac_control) by extensions ['colcon_meta']
[0.287s] Level 1:colcon.colcon_core.package_identification:_identify(ros_ws/src/hvac_control) by extension 'colcon_meta'
[0.287s] Level 1:colcon.colcon_core.package_identification:_identify(ros_ws/src/hvac_control) by extensions ['ros']
[0.287s] Level 1:colcon.colcon_core.package_identification:_identify(ros_ws/src/hvac_control) by extension 'ros'
[0.288s] DEBUG:colcon.colcon_core.package_identification:Package 'ros_ws/src/hvac_control' with type 'ros.ament_python' and name 'hvac_control'
[0.288s] Level 1:colcon.colcon_core.package_identification:_identify(ros_ws/src/temp_sensor) by extensions ['ignore', 'ignore_ament_install']
[0.288s] Level 1:colcon.colcon_core.package_identification:_identify(ros_ws/src/temp_sensor) by extension 'ignore'
[0.288s] Level 1:colcon.colcon_core.package_identification:_identify(ros_ws/src/temp_sensor) by extension 'ignore_ament_install'
[0.288s] Level 1:colcon.colcon_core.package_identification:_identify(ros_ws/src/temp_sensor) by extensions ['colcon_pkg']
[0.288s] Level 1:colcon.colcon_core.package_identification:_identify(ros_ws/src/temp_sensor) by extension 'colcon_pkg'
[0.288s] Level 1:colcon.colcon_core.package_identification:_identify(ros_ws/src/temp_sensor) by extensions ['colcon_meta']
[0.288s] Level 1:colcon.colcon_core.package_identification:_identify(ros_ws/src/temp_sensor) by extension 'colcon_meta'
[0.288s] Level 1:colcon.colcon_core.package_identification:_identify(ros_ws/src/temp_sensor) by extensions ['ros']
[0.288s] Level 1:colcon.colcon_core.package_identification:_identify(ros_ws/src/temp_sensor) by extension 'ros'
[0.289s] DEBUG:colcon.colcon_core.package_identification:Package 'ros_ws/src/temp_sensor' with type 'ros.ament_python' and name 'temp_sensor'
[0.289s] Level 1:colcon.colcon_core.package_discovery:discover_packages(recursive) using defaults
[0.289s] Level 1:colcon.colcon_core.package_discovery:discover_packages(ignore) discover
[0.289s] Level 1:colcon.colcon_core.package_discovery:discover_packages(ignore) using defaults
[0.289s] Level 1:colcon.colcon_core.package_discovery:discover_packages(path) discover
[0.289s] Level 1:colcon.colcon_core.package_discovery:discover_packages(path) using defaults
[0.305s] Level 1:colcon.colcon_core.package_discovery:discover_packages(prefix_path) check parameters
[0.305s] Level 1:colcon.colcon_core.package_discovery:discover_packages(prefix_path) discover
[0.306s] Level 1:colcon.colcon_core.package_discovery:discover_packages(prefix_path) using defaults
[0.307s] Level 5:colcon.colcon_core.verb:set package 'hvac_actuators' build argument 'cmake_args' from command line to 'None'
[0.307s] Level 5:colcon.colcon_core.verb:set package 'hvac_actuators' build argument 'cmake_target' from command line to 'None'
[0.307s] Level 5:colcon.colcon_core.verb:set package 'hvac_actuators' build argument 'cmake_target_skip_unavailable' from command line to 'False'
[0.307s] Level 5:colcon.colcon_core.verb:set package 'hvac_actuators' build argument 'cmake_clean_cache' from command line to 'False'
[0.307s] Level 5:colcon.colcon_core.verb:set package 'hvac_actuators' build argument 'cmake_clean_first' from command line to 'False'
[0.307s] Level 5:colcon.colcon_core.verb:set package 'hvac_actuators' build argument 'cmake_force_configure' from command line to 'False'
[0.307s] Level 5:colcon.colcon_core.verb:set package 'hvac_actuators' build argument 'ament_cmake_args' from command line to 'None'
[0.307s] Level 5:colcon.colcon_core.verb:set package 'hvac_actuators' build argument 'catkin_cmake_args' from command line to 'None'
[0.307s] Level 5:colcon.colcon_core.verb:set package 'hvac_actuators' build argument 'catkin_skip_building_tests' from command line to 'False'
[0.307s] DEBUG:colcon.colcon_core.verb:Building package 'hvac_actuators' with the following arguments: {'ament_cmake_args': None, 'build_base': '/workspaces/ROS2Project/build/hvac_actuators', 'catkin_cmake_args': None, 'catkin_skip_building_tests': False, 'cmake_args': None, 'cmake_clean_cache': False, 'cmake_clean_first': False, 'cmake_force_configure': False, 'cmake_target': None, 'cmake_target_skip_unavailable': False, 'install_base': '/workspaces/ROS2Project/install/hvac_actuators', 'merge_install': False, 'path': '/workspaces/ROS2Project/ros_ws/src/hvac_actuators', 'symlink_install': True, 'test_result_base': None}
[0.308s] Level 5:colcon.colcon_core.verb:set package 'hvac_control' build argument 'cmake_args' from command line to 'None'
[0.308s] Level 5:colcon.colcon_core.verb:set package 'hvac_control' build argument 'cmake_target' from command line to 'None'
[0.308s] Level 5:colcon.colcon_core.verb:set package 'hvac_control' build argument 'cmake_target_skip_unavailable' from command line to 'False'
[0.308s] Level 5:colcon.colcon_core.verb:set package 'hvac_control' build argument 'cmake_clean_cache' from command line to 'False'
[0.308s] Level 5:colcon.colcon_core.verb:set package 'hvac_control' build argument 'cmake_clean_first' from command line to 'False'
[0.308s] Level 5:colcon.colcon_core.verb:set package 'hvac_control' build argument 'cmake_force_configure' from command line to 'False'
[0.308s] Level 5:colcon.colcon_core.verb:set package 'hvac_control' build argument 'ament_cmake_args' from command line to 'None'
[0.308s] Level 5:colcon.colcon_core.verb:set package 'hvac_control' build argument 'catkin_cmake_args' from command line to 'None'
[0.308s] Level 5:colcon.colcon_core.verb:set package 'hvac_control' build argument 'catkin_skip_building_tests' from command line to 'False'
[0.308s] DEBUG:colcon.colcon_core.verb:Building package 'hvac_control' with the following arguments: {'ament_cmake_args': None, 'build_base': '/workspaces/ROS2Project/build/hvac_control', 'catkin_cmake_args': None, 'catkin_skip_building_tests': False, 'cmake_args': None, 'cmake_clean_cache': False, 'cmake_clean_first': False, 'cmake_force_configure': False, 'cmake_target': None, 'cmake_target_skip_unavailable': False, 'install_base': '/workspaces/ROS2Project/install/hvac_control', 'merge_install': False, 'path': '/workspaces/ROS2Project/ros_ws/src/hvac_control', 'symlink_install': True, 'test_result_base': None}
[0.308s] Level 5:colcon.colcon_core.verb:set package 'temp_sensor' build argument 'cmake_args' from command line to 'None'
[0.308s] Level 5:colcon.colcon_core.verb:set package 'temp_sensor' build argument 'cmake_target' from command line to 'None'
[0.308s] Level 5:colcon.colcon_core.verb:set package 'temp_sensor' build argument 'cmake_target_skip_unavailable' from command line to 'False'
[0.308s] Level 5:colcon.colcon_core.verb:set package 'temp_sensor' build argument 'cmake_clean_cache' from command line to 'False'
[0.308s] Level 5:colcon.colcon_core.verb:set package 'temp_sensor' build argument 'cmake_clean_first' from command line to 'False'
[0.309s] Level 5:colcon.colcon_core.verb:set package 'temp_sensor' build argument 'cmake_force_configure' from command line to 'False'
[0.309s] Level 5:colcon.colcon_core.verb:set package 'temp_sensor' build argument 'ament_cmake_args' from command line to 'None'
[0.309s] Level 5:colcon.colcon_core.verb:set package 'temp_sensor' build argument 'catkin_cmake_args' from command line to 'None'
[0.309s] Level 5:colcon.colcon_core.verb:set package 'temp_sensor' build argument 'catkin_skip_building_tests' from command line to 'False'
[0.309s] DEBUG:colcon.colcon_core.verb:Building package 'temp_sensor' with the following arguments: {'ament_cmake_args': None, 'build_base': '/workspaces/ROS2Project/build/temp_sensor', 'catkin_cmake_args': None, 'catkin_skip_building_tests': False, 'cmake_args': None, 'cmake_clean_cache': False, 'cmake_clean_first': False, 'cmake_force_configure': False, 'cmake_target': None, 'cmake_target_skip_unavailable': False, 'install_base': '/workspaces/ROS2Project/install/temp_sensor', 'merge_install': False, 'path': '/workspaces/ROS2Project/ros_ws/src/temp_sensor', 'symlink_install': True, 'test_result_base': None}
[0.309s] INFO:colcon.colcon_core.executor:Executing jobs using 'parallel' executor
[0.310s] DEBUG:colcon.colcon_parallel_executor.executor.parallel:run_until_complete
[0.310s] INFO:colcon.colcon_ros.task.ament_python.build:Building ROS package in '/workspaces/ROS2Project/ros_ws/src/hvac_actuators' with build type 'ament_python'
[0.310s] Level 1:colcon.colcon_core.shell:create_environment_hook('hvac_actuators', 'ament_prefix_path')
[0.312s] INFO:colcon.colcon_core.plugin_system:Skipping extension 'colcon_core.shell.bat': Not used on non-Windows systems
[0.313s] INFO:colcon.colcon_core.shell:Creating environment hook '/workspaces/ROS2Project/install/hvac_actuators/share/hvac_actuators/hook/ament_prefix_path.ps1'
[0.314s] INFO:colcon.colcon_core.shell:Creating environment descriptor '/workspaces/ROS2Project/install/hvac_actuators/share/hvac_actuators/hook/ament_prefix_path.dsv'
[0.314s] INFO:colcon.colcon_core.shell:Creating environment hook '/workspaces/ROS2Project/install/hvac_actuators/share/hvac_actuators/hook/ament_prefix_path.sh'
[0.316s] INFO:colcon.colcon_core.shell:Skip shell extension 'powershell' for command environment: Not usable outside of PowerShell
[0.316s] DEBUG:colcon.colcon_core.shell:Skip shell extension 'dsv' for command environment
[0.320s] INFO:colcon.colcon_ros.task.ament_python.build:Building ROS package in '/workspaces/ROS2Project/ros_ws/src/hvac_control' with build type 'ament_python'
[0.320s] Level 1:colcon.colcon_core.shell:create_environment_hook('hvac_control', 'ament_prefix_path')
[0.320s] INFO:colcon.colcon_core.shell:Creating environment hook '/workspaces/ROS2Project/install/hvac_control/share/hvac_control/hook/ament_prefix_path.ps1'
[0.321s] INFO:colcon.colcon_core.shell:Creating environment descriptor '/workspaces/ROS2Project/install/hvac_control/share/hvac_control/hook/ament_prefix_path.dsv'
[0.321s] INFO:colcon.colcon_core.shell:Creating environment hook '/workspaces/ROS2Project/install/hvac_control/share/hvac_control/hook/ament_prefix_path.sh'
[0.322s] INFO:colcon.colcon_core.shell:Skip shell extension 'powershell' for command environment: Not usable outside of PowerShell
[0.322s] DEBUG:colcon.colcon_core.shell:Skip shell extension 'dsv' for command environment
[0.492s] INFO:colcon.colcon_core.task.python.build:Building Python package in '/workspaces/ROS2Project/ros_ws/src/hvac_actuators'
[0.492s] INFO:colcon.colcon_core.shell:Skip shell extension 'powershell' for command environment: Not usable outside of PowerShell
[0.493s] DEBUG:colcon.colcon_core.shell:Skip shell extension 'dsv' for command environment
[0.654s] INFO:colcon.colcon_core.task.python.build:Building Python package in '/workspaces/ROS2Project/ros_ws/src/hvac_control'
[0.655s] INFO:colcon.colcon_core.shell:Skip shell extension 'powershell' for command environment: Not usable outside of PowerShell
[0.655s] DEBUG:colcon.colcon_core.shell:Skip shell extension 'dsv' for command environment
[1.238s] DEBUG:colcon.colcon_core.event_handler.log_command:Invoking command in '/workspaces/ROS2Project/build/hvac_actuators': PYTHONPATH=/workspaces/ROS2Project/build/hvac_actuators/prefix_override:/usr/lib/python3/dist-packages/colcon_core/task/python/colcon_distutils_commands:/workspaces/ROS2Project/install/hvac_actuators/lib/python3.8/site-packages: /usr/bin/python3 -W ignore:setup.py install is deprecated -W ignore:easy_install command is deprecated setup.py develop --editable --build-directory /workspaces/ROS2Project/build/hvac_actuators/build --no-deps symlink_data
[1.247s] DEBUG:colcon.colcon_core.event_handler.log_command:Invoking command in '/workspaces/ROS2Project/build/hvac_control': PYTHONPATH=/workspaces/ROS2Project/build/hvac_control/prefix_override:/usr/lib/python3/dist-packages/colcon_core/task/python/colcon_distutils_commands:/workspaces/ROS2Project/install/hvac_control/lib/python3.8/site-packages: /usr/bin/python3 -W ignore:setup.py install is deprecated -W ignore:easy_install command is deprecated setup.py develop --editable --build-directory /workspaces/ROS2Project/build/hvac_control/build --no-deps symlink_data
[1.824s] Level 1:colcon.colcon_core.shell:create_environment_hook('hvac_control', 'pythonpath_develop')
[1.826s] INFO:colcon.colcon_core.shell:Creating environment hook '/workspaces/ROS2Project/build/hvac_control/share/hvac_control/hook/pythonpath_develop.ps1'
[1.825s] DEBUG:colcon.colcon_core.event_handler.log_command:Invoked command in '/workspaces/ROS2Project/build/hvac_control' returned '0': PYTHONPATH=/workspaces/ROS2Project/build/hvac_control/prefix_override:/usr/lib/python3/dist-packages/colcon_core/task/python/colcon_distutils_commands:/workspaces/ROS2Project/install/hvac_control/lib/python3.8/site-packages: /usr/bin/python3 -W ignore:setup.py install is deprecated -W ignore:easy_install command is deprecated setup.py develop --editable --build-directory /workspaces/ROS2Project/build/hvac_control/build --no-deps symlink_data
[1.827s] INFO:colcon.colcon_core.shell:Creating environment descriptor '/workspaces/ROS2Project/build/hvac_control/share/hvac_control/hook/pythonpath_develop.dsv'
[1.828s] INFO:colcon.colcon_core.shell:Creating environment hook '/workspaces/ROS2Project/build/hvac_control/share/hvac_control/hook/pythonpath_develop.sh'
[1.831s] Level 1:colcon.colcon_core.environment:checking '/workspaces/ROS2Project/install/hvac_control' for CMake module files
[1.832s] Level 1:colcon.colcon_core.environment:checking '/workspaces/ROS2Project/install/hvac_control' for CMake config files
[1.832s] Level 1:colcon.colcon_core.environment:checking '/workspaces/ROS2Project/install/hvac_control/lib'
[1.832s] Level 1:colcon.colcon_core.environment:checking '/workspaces/ROS2Project/install/hvac_control/bin'
[1.833s] Level 1:colcon.colcon_core.environment:checking '/workspaces/ROS2Project/install/hvac_control/lib/pkgconfig/hvac_control.pc'
[1.833s] Level 1:colcon.colcon_core.environment:checking '/workspaces/ROS2Project/install/hvac_control/lib/python3.8/site-packages'
[1.833s] Level 1:colcon.colcon_core.shell:create_environment_hook('hvac_control', 'pythonpath')
[1.833s] INFO:colcon.colcon_core.shell:Creating environment hook '/workspaces/ROS2Project/install/hvac_control/share/hvac_control/hook/pythonpath.ps1'
[1.833s] INFO:colcon.colcon_core.shell:Creating environment descriptor '/workspaces/ROS2Project/install/hvac_control/share/hvac_control/hook/pythonpath.dsv'
[1.834s] INFO:colcon.colcon_core.shell:Creating environment hook '/workspaces/ROS2Project/install/hvac_control/share/hvac_control/hook/pythonpath.sh'
[1.834s] Level 1:colcon.colcon_core.environment:checking '/workspaces/ROS2Project/install/hvac_control/bin'
[1.834s] Level 1:colcon.colcon_core.environment:create_environment_scripts_only(hvac_control)
[1.835s] INFO:colcon.colcon_core.shell:Creating package script '/workspaces/ROS2Project/install/hvac_control/share/hvac_control/package.ps1'
[1.836s] INFO:colcon.colcon_core.shell:Creating package descriptor '/workspaces/ROS2Project/install/hvac_control/share/hvac_control/package.dsv'
[1.836s] INFO:colcon.colcon_core.shell:Creating package script '/workspaces/ROS2Project/install/hvac_control/share/hvac_control/package.sh'
[1.837s] INFO:colcon.colcon_core.shell:Creating package script '/workspaces/ROS2Project/install/hvac_control/share/hvac_control/package.bash'
[1.838s] INFO:colcon.colcon_core.shell:Creating package script '/workspaces/ROS2Project/install/hvac_control/share/hvac_control/package.zsh'
[1.839s] Level 1:colcon.colcon_core.environment:create_file_with_runtime_dependencies(/workspaces/ROS2Project/install/hvac_control/share/colcon-core/packages/hvac_control)
[1.840s] INFO:colcon.colcon_ros.task.ament_python.build:Building ROS package in '/workspaces/ROS2Project/ros_ws/src/temp_sensor' with build type 'ament_python'
[1.840s] Level 1:colcon.colcon_core.shell:create_environment_hook('temp_sensor', 'ament_prefix_path')
[1.841s] INFO:colcon.colcon_core.shell:Creating environment hook '/workspaces/ROS2Project/install/temp_sensor/share/temp_sensor/hook/ament_prefix_path.ps1'
[1.841s] INFO:colcon.colcon_core.shell:Creating environment descriptor '/workspaces/ROS2Project/install/temp_sensor/share/temp_sensor/hook/ament_prefix_path.dsv'
[1.842s] INFO:colcon.colcon_core.shell:Creating environment hook '/workspaces/ROS2Project/install/temp_sensor/share/temp_sensor/hook/ament_prefix_path.sh'
[1.842s] INFO:colcon.colcon_core.shell:Skip shell extension 'powershell' for command environment: Not usable outside of PowerShell
[1.842s] DEBUG:colcon.colcon_core.shell:Skip shell extension 'dsv' for command environment
[1.846s] Level 1:colcon.colcon_core.shell:create_environment_hook('hvac_actuators', 'pythonpath_develop')
[1.848s] DEBUG:colcon.colcon_core.event_handler.log_command:Invoked command in '/workspaces/ROS2Project/build/hvac_actuators' returned '0': PYTHONPATH=/workspaces/ROS2Project/build/hvac_actuators/prefix_override:/usr/lib/python3/dist-packages/colcon_core/task/python/colcon_distutils_commands:/workspaces/ROS2Project/install/hvac_actuators/lib/python3.8/site-packages: /usr/bin/python3 -W ignore:setup.py install is deprecated -W ignore:easy_install command is deprecated setup.py develop --editable --build-directory /workspaces/ROS2Project/build/hvac_actuators/build --no-deps symlink_data
[1.848s] INFO:colcon.colcon_core.shell:Creating environment hook '/workspaces/ROS2Project/build/hvac_actuators/share/hvac_actuators/hook/pythonpath_develop.ps1'
[1.849s] INFO:colcon.colcon_core.shell:Creating environment descriptor '/workspaces/ROS2Project/build/hvac_actuators/share/hvac_actuators/hook/pythonpath_develop.dsv'
[1.849s] INFO:colcon.colcon_core.shell:Creating environment hook '/workspaces/ROS2Project/build/hvac_actuators/share/hvac_actuators/hook/pythonpath_develop.sh'
[1.850s] Level 1:colcon.colcon_core.environment:checking '/workspaces/ROS2Project/install/hvac_actuators' for CMake module files
[1.850s] Level 1:colcon.colcon_core.environment:checking '/workspaces/ROS2Project/install/hvac_actuators' for CMake config files
[1.850s] Level 1:colcon.colcon_core.environment:checking '/workspaces/ROS2Project/install/hvac_actuators/lib'
[1.851s] Level 1:colcon.colcon_core.environment:checking '/workspaces/ROS2Project/install/hvac_actuators/bin'
[1.851s] Level 1:colcon.colcon_core.environment:checking '/workspaces/ROS2Project/install/hvac_actuators/lib/pkgconfig/hvac_actuators.pc'
[1.851s] Level 1:colcon.colcon_core.environment:checking '/workspaces/ROS2Project/install/hvac_actuators/lib/python3.8/site-packages'
[1.851s] Level 1:colcon.colcon_core.shell:create_environment_hook('hvac_actuators', 'pythonpath')
[1.851s] INFO:colcon.colcon_core.shell:Creating environment hook '/workspaces/ROS2Project/install/hvac_actuators/share/hvac_actuators/hook/pythonpath.ps1'
[1.852s] INFO:colcon.colcon_core.shell:Creating environment descriptor '/workspaces/ROS2Project/install/hvac_actuators/share/hvac_actuators/hook/pythonpath.dsv'
[1.852s] INFO:colcon.colcon_core.shell:Creating environment hook '/workspaces/ROS2Project/install/hvac_actuators/share/hvac_actuators/hook/pythonpath.sh'
[1.852s] Level 1:colcon.colcon_core.environment:checking '/workspaces/ROS2Project/install/hvac_actuators/bin'
[1.853s] Level 1:colcon.colcon_core.environment:create_environment_scripts_only(hvac_actuators)
[1.853s] INFO:colcon.colcon_core.shell:Creating package script '/workspaces/ROS2Project/install/hvac_actuators/share/hvac_actuators/package.ps1'
[1.853s] INFO:colcon.colcon_core.shell:Creating package descriptor '/workspaces/ROS2Project/install/hvac_actuators/share/hvac_actuators/package.dsv'
[1.854s] INFO:colcon.colcon_core.shell:Creating package script '/workspaces/ROS2Project/install/hvac_actuators/share/hvac_actuators/package.sh'
[1.854s] INFO:colcon.colcon_core.shell:Creating package script '/workspaces/ROS2Project/install/hvac_actuators/share/hvac_actuators/package.bash'
[1.854s] INFO:colcon.colcon_core.shell:Creating package script '/workspaces/ROS2Project/install/hvac_actuators/share/hvac_actuators/package.zsh'
[1.855s] Level 1:colcon.colcon_core.environment:create_file_with_runtime_dependencies(/workspaces/ROS2Project/install/hvac_actuators/share/colcon-core/packages/hvac_actuators)
[2.022s] INFO:colcon.colcon_core.task.python.build:Building Python package in '/workspaces/ROS2Project/ros_ws/src/temp_sensor'
[2.022s] INFO:colcon.colcon_core.shell:Skip shell extension 'powershell' for command environment: Not usable outside of PowerShell
[2.022s] DEBUG:colcon.colcon_core.shell:Skip shell extension 'dsv' for command environment
[2.357s] DEBUG:colcon.colcon_core.event_handler.log_command:Invoking command in '/workspaces/ROS2Project/build/temp_sensor': PYTHONPATH=/workspaces/ROS2Project/build/temp_sensor/prefix_override:/usr/lib/python3/dist-packages/colcon_core/task/python/colcon_distutils_commands:/workspaces/ROS2Project/install/temp_sensor/lib/python3.8/site-packages: /usr/bin/python3 -W ignore:setup.py install is deprecated -W ignore:easy_install command is deprecated setup.py develop --editable --build-directory /workspaces/ROS2Project/build/temp_sensor/build --no-deps symlink_data
[2.809s] Level 1:colcon.colcon_core.shell:create_environment_hook('temp_sensor', 'pythonpath_develop')
[2.810s] INFO:colcon.colcon_core.shell:Creating environment hook '/workspaces/ROS2Project/build/temp_sensor/share/temp_sensor/hook/pythonpath_develop.ps1'
[2.811s] INFO:colcon.colcon_core.shell:Creating environment descriptor '/workspaces/ROS2Project/build/temp_sensor/share/temp_sensor/hook/pythonpath_develop.dsv'
[2.811s] DEBUG:colcon.colcon_core.event_handler.log_command:Invoked command in '/workspaces/ROS2Project/build/temp_sensor' returned '0': PYTHONPATH=/workspaces/ROS2Project/build/temp_sensor/prefix_override:/usr/lib/python3/dist-packages/colcon_core/task/python/colcon_distutils_commands:/workspaces/ROS2Project/install/temp_sensor/lib/python3.8/site-packages: /usr/bin/python3 -W ignore:setup.py install is deprecated -W ignore:easy_install command is deprecated setup.py develop --editable --build-directory /workspaces/ROS2Project/build/temp_sensor/build --no-deps symlink_data
[2.812s] INFO:colcon.colcon_core.shell:Creating environment hook '/workspaces/ROS2Project/build/temp_sensor/share/temp_sensor/hook/pythonpath_develop.sh'
[2.812s] Level 1:colcon.colcon_core.environment:checking '/workspaces/ROS2Project/install/temp_sensor' for CMake module files
[2.813s] Level 1:colcon.colcon_core.environment:checking '/workspaces/ROS2Project/install/temp_sensor' for CMake config files
[2.813s] Level 1:colcon.colcon_core.environment:checking '/workspaces/ROS2Project/install/temp_sensor/lib'
[2.813s] Level 1:colcon.colcon_core.environment:checking '/workspaces/ROS2Project/install/temp_sensor/bin'
[2.814s] Level 1:colcon.colcon_core.environment:checking '/workspaces/ROS2Project/install/temp_sensor/lib/pkgconfig/temp_sensor.pc'
[2.814s] Level 1:colcon.colcon_core.environment:checking '/workspaces/ROS2Project/install/temp_sensor/lib/python3.8/site-packages'
[2.814s] Level 1:colcon.colcon_core.shell:create_environment_hook('temp_sensor', 'pythonpath')
[2.814s] INFO:colcon.colcon_core.shell:Creating environment hook '/workspaces/ROS2Project/install/temp_sensor/share/temp_sensor/hook/pythonpath.ps1'
[2.814s] INFO:colcon.colcon_core.shell:Creating environment descriptor '/workspaces/ROS2Project/install/temp_sensor/share/temp_sensor/hook/pythonpath.dsv'
[2.815s] INFO:colcon.colcon_core.shell:Creating environment hook '/workspaces/ROS2Project/install/temp_sensor/share/temp_sensor/hook/pythonpath.sh'
[2.815s] Level 1:colcon.colcon_core.environment:checking '/workspaces/ROS2Project/install/temp_sensor/bin'
[2.815s] Level 1:colcon.colcon_core.environment:create_environment_scripts_only(temp_sensor)
[2.816s] INFO:colcon.colcon_core.shell:Creating package script '/workspaces/ROS2Project/install/temp_sensor/share/temp_sensor/package.ps1'
[2.816s] INFO:colcon.colcon_core.shell:Creating package descriptor '/workspaces/ROS2Project/install/temp_sensor/share/temp_sensor/package.dsv'
[2.817s] INFO:colcon.colcon_core.shell:Creating package script '/workspaces/ROS2Project/install/temp_sensor/share/temp_sensor/package.sh'
[2.817s] INFO:colcon.colcon_core.shell:Creating package script '/workspaces/ROS2Project/install/temp_sensor/share/temp_sensor/package.bash'
[2.818s] INFO:colcon.colcon_core.shell:Creating package script '/workspaces/ROS2Project/install/temp_sensor/share/temp_sensor/package.zsh'
[2.818s] Level 1:colcon.colcon_core.environment:create_file_with_runtime_dependencies(/workspaces/ROS2Project/install/temp_sensor/share/colcon-core/packages/temp_sensor)
[2.819s] DEBUG:colcon.colcon_parallel_executor.executor.parallel:closing loop
[2.819s] DEBUG:colcon.colcon_parallel_executor.executor.parallel:loop closed
[2.819s] DEBUG:colcon.colcon_parallel_executor.executor.parallel:run_until_complete finished with '0'
[2.820s] DEBUG:colcon.colcon_core.event_reactor:joining thread
[2.836s] INFO:colcon.colcon_core.plugin_system:Skipping extension 'colcon_notification.desktop_notification.notify_send': Could not find 'notify-send'
[2.836s] INFO:colcon.colcon_core.plugin_system:Skipping extension 'colcon_notification.desktop_notification.terminal_notifier': Not used on non-Darwin systems
[2.836s] INFO:colcon.colcon_core.plugin_system:Skipping extension 'colcon_notification.desktop_notification.win32': Not used on non-Windows systems
[2.836s] INFO:colcon.colcon_notification.desktop_notification:Sending desktop notification using 'notify2'
[2.836s] DEBUG:colcon.colcon_notification.desktop_notification.notify2:Failed to initialize notify2: org.freedesktop.DBus.Error.NotSupported: Unable to autolaunch a dbus-daemon without a $DISPLAY for X11
[2.837s] DEBUG:colcon.colcon_core.event_reactor:joined thread
[2.837s] INFO:colcon.colcon_core.shell:Creating prefix script '/workspaces/ROS2Project/install/local_setup.ps1'
[2.838s] INFO:colcon.colcon_core.shell:Creating prefix util module '/workspaces/ROS2Project/install/_local_setup_util_ps1.py'
[2.840s] INFO:colcon.colcon_core.shell:Creating prefix chain script '/workspaces/ROS2Project/install/setup.ps1'
[2.841s] INFO:colcon.colcon_core.shell:Creating prefix script '/workspaces/ROS2Project/install/local_setup.sh'
[2.842s] INFO:colcon.colcon_core.shell:Creating prefix util module '/workspaces/ROS2Project/install/_local_setup_util_sh.py'
[2.842s] INFO:colcon.colcon_core.shell:Creating prefix chain script '/workspaces/ROS2Project/install/setup.sh'
[2.843s] INFO:colcon.colcon_core.shell:Creating prefix script '/workspaces/ROS2Project/install/local_setup.bash'
[2.844s] INFO:colcon.colcon_core.shell:Creating prefix chain script '/workspaces/ROS2Project/install/setup.bash'
[2.845s] INFO:colcon.colcon_core.shell:Creating prefix script '/workspaces/ROS2Project/install/local_setup.zsh'
[2.846s] INFO:colcon.colcon_core.shell:Creating prefix chain script '/workspaces/ROS2Project/install/setup.zsh'
