[0.928s] Invoking command in '/workspaces/ROS2Project/build/hvac_actuators': PYTHONPATH=/workspaces/ROS2Project/build/hvac_actuators/prefix_override:/usr/lib/python3/dist-packages/colcon_core/task/python/colcon_distutils_commands:/workspaces/ROS2Project/install/hvac_actuators/lib/python3.8/site-packages: /usr/bin/python3 -W ignore:setup.py install is deprecated -W ignore:easy_install command is deprecated setup.py develop --editable --build-directory /workspaces/ROS2Project/build/hvac_actuators/build --no-deps symlink_data
[1.226s] running develop
[1.341s] running egg_info
[1.342s] creating hvac_actuators.egg-info
[1.343s] writing hvac_actuators.egg-info/PKG-INFO
[1.346s] writing dependency_links to hvac_actuators.egg-info/dependency_links.txt
[1.346s] writing entry points to hvac_actuators.egg-info/entry_points.txt
[1.346s] writing requirements to hvac_actuators.egg-info/requires.txt
[1.346s] writing top-level names to hvac_actuators.egg-info/top_level.txt
[1.351s] writing manifest file 'hvac_actuators.egg-info/SOURCES.txt'
[1.406s] reading manifest file 'hvac_actuators.egg-info/SOURCES.txt'
[1.408s] writing manifest file 'hvac_actuators.egg-info/SOURCES.txt'
[1.472s] running build_ext
[1.474s] Creating /workspaces/ROS2Project/install/hvac_actuators/lib/python3.8/site-packages/site.py
[1.483s] Creating /workspaces/ROS2Project/install/hvac_actuators/lib/python3.8/site-packages/hvac-actuators.egg-link (link to .)
[1.485s] 
[1.485s] Installed /workspaces/ROS2Project/build/hvac_actuators
[1.485s] running symlink_data
[1.486s] creating /workspaces/ROS2Project/install/hvac_actuators/share/ament_index
[1.486s] creating /workspaces/ROS2Project/install/hvac_actuators/share/ament_index/resource_index
[1.487s] creating /workspaces/ROS2Project/install/hvac_actuators/share/ament_index/resource_index/packages
[1.487s] symbolically linking /workspaces/ROS2Project/build/hvac_actuators/resource/hvac_actuators -> /workspaces/ROS2Project/install/hvac_actuators/share/ament_index/resource_index/packages
[1.488s] symbolically linking /workspaces/ROS2Project/build/hvac_actuators/package.xml -> /workspaces/ROS2Project/install/hvac_actuators/share/hvac_actuators
[1.537s] Invoked command in '/workspaces/ROS2Project/build/hvac_actuators' returned '0': PYTHONPATH=/workspaces/ROS2Project/build/hvac_actuators/prefix_override:/usr/lib/python3/dist-packages/colcon_core/task/python/colcon_distutils_commands:/workspaces/ROS2Project/install/hvac_actuators/lib/python3.8/site-packages: /usr/bin/python3 -W ignore:setup.py install is deprecated -W ignore:easy_install command is deprecated setup.py develop --editable --build-directory /workspaces/ROS2Project/build/hvac_actuators/build --no-deps symlink_data
