[0.160s] DEBUG:colcon:Command line arguments: ['/usr/bin/colcon', 'build', '--symlink-install']
[0.160s] DEBUG:colcon:Parsed command line arguments: Namespace(allow_overriding=[], ament_cmake_args=None, base_paths=['.'], build_base='build', catkin_cmake_args=None, catkin_skip_building_tests=False, cmake_args=None, cmake_clean_cache=False, cmake_clean_first=False, cmake_force_configure=False, cmake_target=None, cmake_target_skip_unavailable=False, continue_on_error=False, event_handlers=None, executor='parallel', ignore_user_meta=False, install_base='install', log_base=None, log_level=None, main=<bound method BuildVerb.main of <colcon_core.verb.build.BuildVerb object at 0x778925cb1880>>, merge_install=False, metas=['./colcon.meta'], mixin=None, mixin_files=None, mixin_verb=('build',), packages_above=None, packages_above_and_dependencies=None, packages_above_depth=None, packages_end=None, packages_ignore=None, packages_ignore_regex=None, packages_select=None, packages_select_build_failed=False, packages_select_by_dep=None, packages_select_regex=None, packages_select_test_failures=False, packages_skip=None, packages_skip_build_finished=False, packages_skip_by_dep=None, packages_skip_regex=None, packages_skip_test_passed=False, packages_skip_up_to=None, packages_start=None, packages_up_to=None, packages_up_to_regex=None, parallel_workers=2, paths=None, symlink_install=True, test_result_base=None, verb_extension=<colcon_core.verb.build.BuildVerb object at 0x778925cb1880>, verb_name='build', verb_parser=<colcon_mixin.mixin.mixin_argument.MixinArgumentDecorator object at 0x778925cb1fa0>)
[0.278s] Level 1:colcon.colcon_core.package_discovery:discover_packages(colcon_meta) check parameters
[0.278s] Level 1:colcon.colcon_core.package_discovery:discover_packages(recursive) check parameters
[0.278s] Level 1:colcon.colcon_core.package_discovery:discover_packages(ignore) check parameters
[0.278s] Level 1:colcon.colcon_core.package_discovery:discover_packages(path) check parameters
[0.278s] Level 1:colcon.colcon_core.package_discovery:discover_packages(colcon_meta) discover
[0.278s] Level 1:colcon.colcon_core.package_discovery:discover_packages(recursive) discover
[0.279s] INFO:colcon.colcon_core.package_discovery:Crawling recursively for packages in '/workspaces/ROS2Project'
[0.279s] Level 1:colcon.colcon_core.package_identification:_identify(.) by extensions ['ignore', 'ignore_ament_install']
[0.279s] Level 1:colcon.colcon_core.package_identification:_identify(.) by extension 'ignore'
[0.279s] Level 1:colcon.colcon_core.package_identification:_identify(.) by extension 'ignore_ament_install'
[0.279s] Level 1:colcon.colcon_core.package_identification:_identify(.) by extensions ['colcon_pkg']
[0.279s] Level 1:colcon.colcon_core.package_identification:_identify(.) by extension 'colcon_pkg'
[0.279s] Level 1:colcon.colcon_core.package_identification:_identify(.) by extensions ['colcon_meta']
[0.279s] Level 1:colcon.colcon_core.package_identification:_identify(.) by extension 'colcon_meta'
[0.279s] Level 1:colcon.colcon_core.package_identification:_identify(.) by extensions ['ros']
[0.279s] Level 1:colcon.colcon_core.package_identification:_identify(.) by extension 'ros'
[0.289s] Level 1:colcon.colcon_core.package_identification:_identify(.) by extensions ['cmake', 'python']
[0.289s] Level 1:colcon.colcon_core.package_identification:_identify(.) by extension 'cmake'
[0.289s] Level 1:colcon.colcon_core.package_identification:_identify(.) by extension 'python'
[0.289s] Level 1:colcon.colcon_core.package_identification:_identify(.) by extensions ['python_setup_py']
[0.289s] Level 1:colcon.colcon_core.package_identification:_identify(.) by extension 'python_setup_py'
[0.289s] Level 1:colcon.colcon_core.package_identification:_identify(build) by extensions ['ignore', 'ignore_ament_install']
[0.289s] Level 1:colcon.colcon_core.package_identification:_identify(build) by extension 'ignore'
[0.289s] Level 1:colcon.colcon_core.package_identification:_identify(build) ignored
[0.290s] Level 1:colcon.colcon_core.package_identification:_identify(install) by extensions ['ignore', 'ignore_ament_install']
[0.290s] Level 1:colcon.colcon_core.package_identification:_identify(install) by extension 'ignore'
[0.290s] Level 1:colcon.colcon_core.package_identification:_identify(install) ignored
[0.290s] Level 1:colcon.colcon_core.package_identification:_identify(log) by extensions ['ignore', 'ignore_ament_install']
[0.290s] Level 1:colcon.colcon_core.package_identification:_identify(log) by extension 'ignore'
[0.290s] Level 1:colcon.colcon_core.package_identification:_identify(log) ignored
[0.290s] Level 1:colcon.colcon_core.package_identification:_identify(ros_ws) by extensions ['ignore', 'ignore_ament_install']
[0.290s] Level 1:colcon.colcon_core.package_identification:_identify(ros_ws) by extension 'ignore'
[0.290s] Level 1:colcon.colcon_core.package_identification:_identify(ros_ws) by extension 'ignore_ament_install'
[0.290s] Level 1:colcon.colcon_core.package_identification:_identify(ros_ws) by extensions ['colcon_pkg']
[0.290s] Level 1:colcon.colcon_core.package_identification:_identify(ros_ws) by extension 'colcon_pkg'
[0.291s] Level 1:colcon.colcon_core.package_identification:_identify(ros_ws) by extensions ['colcon_meta']
[0.291s] Level 1:colcon.colcon_core.package_identification:_identify(ros_ws) by extension 'colcon_meta'
[0.291s] Level 1:colcon.colcon_core.package_identification:_identify(ros_ws) by extensions ['ros']
[0.291s] Level 1:colcon.colcon_core.package_identification:_identify(ros_ws) by extension 'ros'
[0.291s] Level 1:colcon.colcon_core.package_identification:_identify(ros_ws) by extensions ['cmake', 'python']
[0.291s] Level 1:colcon.colcon_core.package_identification:_identify(ros_ws) by extension 'cmake'
[0.291s] Level 1:colcon.colcon_core.package_identification:_identify(ros_ws) by extension 'python'
[0.291s] Level 1:colcon.colcon_core.package_identification:_identify(ros_ws) by extensions ['python_setup_py']
[0.291s] Level 1:colcon.colcon_core.package_identification:_identify(ros_ws) by extension 'python_setup_py'
[0.291s] Level 1:colcon.colcon_core.package_identification:_identify(ros_ws/src) by extensions ['ignore', 'ignore_ament_install']
[0.291s] Level 1:colcon.colcon_core.package_identification:_identify(ros_ws/src) by extension 'ignore'
[0.291s] Level 1:colcon.colcon_core.package_identification:_identify(ros_ws/src) by extension 'ignore_ament_install'
[0.291s] Level 1:colcon.colcon_core.package_identification:_identify(ros_ws/src) by extensions ['colcon_pkg']
[0.291s] Level 1:colcon.colcon_core.package_identification:_identify(ros_ws/src) by extension 'colcon_pkg'
[0.291s] Level 1:colcon.colcon_core.package_identification:_identify(ros_ws/src) by extensions ['colcon_meta']
[0.291s] Level 1:colcon.colcon_core.package_identification:_identify(ros_ws/src) by extension 'colcon_meta'
[0.291s] Level 1:colcon.colcon_core.package_identification:_identify(ros_ws/src) by extensions ['ros']
[0.292s] Level 1:colcon.colcon_core.package_identification:_identify(ros_ws/src) by extension 'ros'
[0.292s] Level 1:colcon.colcon_core.package_identification:_identify(ros_ws/src) by extensions ['cmake', 'python']
[0.292s] Level 1:colcon.colcon_core.package_identification:_identify(ros_ws/src) by extension 'cmake'
[0.292s] Level 1:colcon.colcon_core.package_identification:_identify(ros_ws/src) by extension 'python'
[0.292s] Level 1:colcon.colcon_core.package_identification:_identify(ros_ws/src) by extensions ['python_setup_py']
[0.292s] Level 1:colcon.colcon_core.package_identification:_identify(ros_ws/src) by extension 'python_setup_py'
[0.292s] Level 1:colcon.colcon_core.package_identification:_identify(ros_ws/src/hvac_actuators) by extensions ['ignore', 'ignore_ament_install']
[0.292s] Level 1:colcon.colcon_core.package_identification:_identify(ros_ws/src/hvac_actuators) by extension 'ignore'
[0.292s] Level 1:colcon.colcon_core.package_identification:_identify(ros_ws/src/hvac_actuators) by extension 'ignore_ament_install'
[0.292s] Level 1:colcon.colcon_core.package_identification:_identify(ros_ws/src/hvac_actuators) by extensions ['colcon_pkg']
[0.292s] Level 1:colcon.colcon_core.package_identification:_identify(ros_ws/src/hvac_actuators) by extension 'colcon_pkg'
[0.292s] Level 1:colcon.colcon_core.package_identification:_identify(ros_ws/src/hvac_actuators) by extensions ['colcon_meta']
[0.292s] Level 1:colcon.colcon_core.package_identification:_identify(ros_ws/src/hvac_actuators) by extension 'colcon_meta'
[0.292s] Level 1:colcon.colcon_core.package_identification:_identify(ros_ws/src/hvac_actuators) by extensions ['ros']
[0.292s] Level 1:colcon.colcon_core.package_identification:_identify(ros_ws/src/hvac_actuators) by extension 'ros'
[0.295s] DEBUG:colcon.colcon_core.package_identification:Package 'ros_ws/src/hvac_actuators' with type 'ros.ament_python' and name 'hvac_actuators'
[0.295s] Level 1:colcon.colcon_core.package_identification:_identify(ros_ws/src/hvac_control) by extensions ['ignore', 'ignore_ament_install']
[0.295s] Level 1:colcon.colcon_core.package_identification:_identify(ros_ws/src/hvac_control) by extension 'ignore'
[0.295s] Level 1:colcon.colcon_core.package_identification:_identify(ros_ws/src/hvac_control) by extension 'ignore_ament_install'
[0.295s] Level 1:colcon.colcon_core.package_identification:_identify(ros_ws/src/hvac_control) by extensions ['colcon_pkg']
[0.295s] Level 1:colcon.colcon_core.package_identification:_identify(ros_ws/src/hvac_control) by extension 'colcon_pkg'
[0.295s] Level 1:colcon.colcon_core.package_identification:_identify(ros_ws/src/hvac_control) by extensions ['colcon_meta']
[0.295s] Level 1:colcon.colcon_core.package_identification:_identify(ros_ws/src/hvac_control) by extension 'colcon_meta'
[0.295s] Level 1:colcon.colcon_core.package_identification:_identify(ros_ws/src/hvac_control) by extensions ['ros']
[0.295s] Level 1:colcon.colcon_core.package_identification:_identify(ros_ws/src/hvac_control) by extension 'ros'
[0.296s] DEBUG:colcon.colcon_core.package_identification:Package 'ros_ws/src/hvac_control' with type 'ros.ament_python' and name 'hvac_control'
[0.296s] Level 1:colcon.colcon_core.package_identification:_identify(ros_ws/src/temp_sensor) by extensions ['ignore', 'ignore_ament_install']
[0.296s] Level 1:colcon.colcon_core.package_identification:_identify(ros_ws/src/temp_sensor) by extension 'ignore'
[0.296s] Level 1:colcon.colcon_core.package_identification:_identify(ros_ws/src/temp_sensor) by extension 'ignore_ament_install'
[0.296s] Level 1:colcon.colcon_core.package_identification:_identify(ros_ws/src/temp_sensor) by extensions ['colcon_pkg']
[0.296s] Level 1:colcon.colcon_core.package_identification:_identify(ros_ws/src/temp_sensor) by extension 'colcon_pkg'
[0.296s] Level 1:colcon.colcon_core.package_identification:_identify(ros_ws/src/temp_sensor) by extensions ['colcon_meta']
[0.296s] Level 1:colcon.colcon_core.package_identification:_identify(ros_ws/src/temp_sensor) by extension 'colcon_meta'
[0.296s] Level 1:colcon.colcon_core.package_identification:_identify(ros_ws/src/temp_sensor) by extensions ['ros']
[0.296s] Level 1:colcon.colcon_core.package_identification:_identify(ros_ws/src/temp_sensor) by extension 'ros'
[0.297s] DEBUG:colcon.colcon_core.package_identification:Package 'ros_ws/src/temp_sensor' with type 'ros.ament_python' and name 'temp_sensor'
[0.297s] Level 1:colcon.colcon_core.package_discovery:discover_packages(recursive) using defaults
[0.297s] Level 1:colcon.colcon_core.package_discovery:discover_packages(ignore) discover
[0.297s] Level 1:colcon.colcon_core.package_discovery:discover_packages(ignore) using defaults
[0.297s] Level 1:colcon.colcon_core.package_discovery:discover_packages(path) discover
[0.297s] Level 1:colcon.colcon_core.package_discovery:discover_packages(path) using defaults
[0.311s] Level 1:colcon.colcon_core.package_discovery:discover_packages(prefix_path) check parameters
[0.311s] Level 1:colcon.colcon_core.package_discovery:discover_packages(prefix_path) discover
[0.313s] DEBUG:colcon.colcon_installed_package_information.package_discovery:Found 3 installed packages in /workspaces/ROS2Project/install
[0.315s] DEBUG:colcon.colcon_installed_package_information.package_discovery:Found 256 installed packages in /opt/ros/foxy
[0.317s] Level 1:colcon.colcon_core.package_discovery:discover_packages(prefix_path) using defaults
[0.396s] Level 5:colcon.colcon_core.verb:set package 'hvac_actuators' build argument 'cmake_args' from command line to 'None'
[0.396s] Level 5:colcon.colcon_core.verb:set package 'hvac_actuators' build argument 'cmake_target' from command line to 'None'
[0.396s] Level 5:colcon.colcon_core.verb:set package 'hvac_actuators' build argument 'cmake_target_skip_unavailable' from command line to 'False'
[0.396s] Level 5:colcon.colcon_core.verb:set package 'hvac_actuators' build argument 'cmake_clean_cache' from command line to 'False'
[0.396s] Level 5:colcon.colcon_core.verb:set package 'hvac_actuators' build argument 'cmake_clean_first' from command line to 'False'
[0.396s] Level 5:colcon.colcon_core.verb:set package 'hvac_actuators' build argument 'cmake_force_configure' from command line to 'False'
[0.396s] Level 5:colcon.colcon_core.verb:set package 'hvac_actuators' build argument 'ament_cmake_args' from command line to 'None'
[0.396s] Level 5:colcon.colcon_core.verb:set package 'hvac_actuators' build argument 'catkin_cmake_args' from command line to 'None'
[0.396s] Level 5:colcon.colcon_core.verb:set package 'hvac_actuators' build argument 'catkin_skip_building_tests' from command line to 'False'
[0.396s] DEBUG:colcon.colcon_core.verb:Building package 'hvac_actuators' with the following arguments: {'ament_cmake_args': None, 'build_base': '/workspaces/ROS2Project/build/hvac_actuators', 'catkin_cmake_args': None, 'catkin_skip_building_tests': False, 'cmake_args': None, 'cmake_clean_cache': False, 'cmake_clean_first': False, 'cmake_force_configure': False, 'cmake_target': None, 'cmake_target_skip_unavailable': False, 'install_base': '/workspaces/ROS2Project/install/hvac_actuators', 'merge_install': False, 'path': '/workspaces/ROS2Project/ros_ws/src/hvac_actuators', 'symlink_install': True, 'test_result_base': None}
[0.396s] Level 5:colcon.colcon_core.verb:set package 'hvac_control' build argument 'cmake_args' from command line to 'None'
[0.396s] Level 5:colcon.colcon_core.verb:set package 'hvac_control' build argument 'cmake_target' from command line to 'None'
[0.396s] Level 5:colcon.colcon_core.verb:set package 'hvac_control' build argument 'cmake_target_skip_unavailable' from command line to 'False'
[0.396s] Level 5:colcon.colcon_core.verb:set package 'hvac_control' build argument 'cmake_clean_cache' from command line to 'False'
[0.396s] Level 5:colcon.colcon_core.verb:set package 'hvac_control' build argument 'cmake_clean_first' from command line to 'False'
[0.396s] Level 5:colcon.colcon_core.verb:set package 'hvac_control' build argument 'cmake_force_configure' from command line to 'False'
[0.396s] Level 5:colcon.colcon_core.verb:set package 'hvac_control' build argument 'ament_cmake_args' from command line to 'None'
[0.396s] Level 5:colcon.colcon_core.verb:set package 'hvac_control' build argument 'catkin_cmake_args' from command line to 'None'
[0.397s] Level 5:colcon.colcon_core.verb:set package 'hvac_control' build argument 'catkin_skip_building_tests' from command line to 'False'
[0.397s] DEBUG:colcon.colcon_core.verb:Building package 'hvac_control' with the following arguments: {'ament_cmake_args': None, 'build_base': '/workspaces/ROS2Project/build/hvac_control', 'catkin_cmake_args': None, 'catkin_skip_building_tests': False, 'cmake_args': None, 'cmake_clean_cache': False, 'cmake_clean_first': False, 'cmake_force_configure': False, 'cmake_target': None, 'cmake_target_skip_unavailable': False, 'install_base': '/workspaces/ROS2Project/install/hvac_control', 'merge_install': False, 'path': '/workspaces/ROS2Project/ros_ws/src/hvac_control', 'symlink_install': True, 'test_result_base': None}
[0.397s] Level 5:colcon.colcon_core.verb:set package 'temp_sensor' build argument 'cmake_args' from command line to 'None'
[0.397s] Level 5:colcon.colcon_core.verb:set package 'temp_sensor' build argument 'cmake_target' from command line to 'None'
[0.397s] Level 5:colcon.colcon_core.verb:set package 'temp_sensor' build argument 'cmake_target_skip_unavailable' from command line to 'False'
[0.397s] Level 5:colcon.colcon_core.verb:set package 'temp_sensor' build argument 'cmake_clean_cache' from command line to 'False'
[0.397s] Level 5:colcon.colcon_core.verb:set package 'temp_sensor' build argument 'cmake_clean_first' from command line to 'False'
[0.397s] Level 5:colcon.colcon_core.verb:set package 'temp_sensor' build argument 'cmake_force_configure' from command line to 'False'
[0.397s] Level 5:colcon.colcon_core.verb:set package 'temp_sensor' build argument 'ament_cmake_args' from command line to 'None'
[0.397s] Level 5:colcon.colcon_core.verb:set package 'temp_sensor' build argument 'catkin_cmake_args' from command line to 'None'
[0.397s] Level 5:colcon.colcon_core.verb:set package 'temp_sensor' build argument 'catkin_skip_building_tests' from command line to 'False'
[0.397s] DEBUG:colcon.colcon_core.verb:Building package 'temp_sensor' with the following arguments: {'ament_cmake_args': None, 'build_base': '/workspaces/ROS2Project/build/temp_sensor', 'catkin_cmake_args': None, 'catkin_skip_building_tests': False, 'cmake_args': None, 'cmake_clean_cache': False, 'cmake_clean_first': False, 'cmake_force_configure': False, 'cmake_target': None, 'cmake_target_skip_unavailable': False, 'install_base': '/workspaces/ROS2Project/install/temp_sensor', 'merge_install': False, 'path': '/workspaces/ROS2Project/ros_ws/src/temp_sensor', 'symlink_install': True, 'test_result_base': None}
[0.397s] INFO:colcon.colcon_core.executor:Executing jobs using 'parallel' executor
[0.398s] DEBUG:colcon.colcon_parallel_executor.executor.parallel:run_until_complete
[0.399s] INFO:colcon.colcon_ros.task.ament_python.build:Building ROS package in '/workspaces/ROS2Project/ros_ws/src/hvac_actuators' with build type 'ament_python'
[0.399s] Level 1:colcon.colcon_core.shell:create_environment_hook('hvac_actuators', 'ament_prefix_path')
[0.401s] INFO:colcon.colcon_core.plugin_system:Skipping extension 'colcon_core.shell.bat': Not used on non-Windows systems
[0.401s] INFO:colcon.colcon_core.shell:Creating environment hook '/workspaces/ROS2Project/install/hvac_actuators/share/hvac_actuators/hook/ament_prefix_path.ps1'
[0.402s] INFO:colcon.colcon_core.shell:Creating environment descriptor '/workspaces/ROS2Project/install/hvac_actuators/share/hvac_actuators/hook/ament_prefix_path.dsv'
[0.402s] INFO:colcon.colcon_core.shell:Creating environment hook '/workspaces/ROS2Project/install/hvac_actuators/share/hvac_actuators/hook/ament_prefix_path.sh'
[0.403s] INFO:colcon.colcon_core.shell:Skip shell extension 'powershell' for command environment: Not usable outside of PowerShell
[0.403s] DEBUG:colcon.colcon_core.shell:Skip shell extension 'dsv' for command environment
[0.408s] INFO:colcon.colcon_ros.task.ament_python.build:Building ROS package in '/workspaces/ROS2Project/ros_ws/src/hvac_control' with build type 'ament_python'
[0.408s] Level 1:colcon.colcon_core.shell:create_environment_hook('hvac_control', 'ament_prefix_path')
[0.409s] INFO:colcon.colcon_core.shell:Creating environment hook '/workspaces/ROS2Project/install/hvac_control/share/hvac_control/hook/ament_prefix_path.ps1'
[0.410s] INFO:colcon.colcon_core.shell:Creating environment descriptor '/workspaces/ROS2Project/install/hvac_control/share/hvac_control/hook/ament_prefix_path.dsv'
[0.410s] INFO:colcon.colcon_core.shell:Creating environment hook '/workspaces/ROS2Project/install/hvac_control/share/hvac_control/hook/ament_prefix_path.sh'
[0.411s] INFO:colcon.colcon_core.shell:Skip shell extension 'powershell' for command environment: Not usable outside of PowerShell
[0.411s] DEBUG:colcon.colcon_core.shell:Skip shell extension 'dsv' for command environment
[0.642s] INFO:colcon.colcon_core.task.python.build:Building Python package in '/workspaces/ROS2Project/ros_ws/src/hvac_actuators'
[0.643s] INFO:colcon.colcon_core.shell:Skip shell extension 'powershell' for command environment: Not usable outside of PowerShell
[0.643s] DEBUG:colcon.colcon_core.shell:Skip shell extension 'dsv' for command environment
[0.885s] INFO:colcon.colcon_core.task.python.build:Building Python package in '/workspaces/ROS2Project/ros_ws/src/hvac_control'
[0.886s] INFO:colcon.colcon_core.shell:Skip shell extension 'powershell' for command environment: Not usable outside of PowerShell
[0.886s] DEBUG:colcon.colcon_core.shell:Skip shell extension 'dsv' for command environment
[1.569s] DEBUG:colcon.colcon_core.event_handler.log_command:Invoking command in '/workspaces/ROS2Project/build/hvac_actuators': PYTHONPATH=/workspaces/ROS2Project/build/hvac_actuators/prefix_override:/usr/lib/python3/dist-packages/colcon_core/task/python/colcon_distutils_commands:/workspaces/ROS2Project/install/hvac_actuators/lib/python3.8/site-packages:${PYTHONPATH} /usr/bin/python3 -W ignore:setup.py install is deprecated -W ignore:easy_install command is deprecated setup.py develop --editable --build-directory /workspaces/ROS2Project/build/hvac_actuators/build --no-deps symlink_data
[1.597s] DEBUG:colcon.colcon_core.event_handler.log_command:Invoking command in '/workspaces/ROS2Project/build/hvac_control': PYTHONPATH=/workspaces/ROS2Project/build/hvac_control/prefix_override:/usr/lib/python3/dist-packages/colcon_core/task/python/colcon_distutils_commands:/workspaces/ROS2Project/install/hvac_control/lib/python3.8/site-packages:${PYTHONPATH} /usr/bin/python3 -W ignore:setup.py install is deprecated -W ignore:easy_install command is deprecated setup.py develop --editable --build-directory /workspaces/ROS2Project/build/hvac_control/build --no-deps symlink_data
[2.172s] Level 1:colcon.colcon_core.shell:create_environment_hook('hvac_actuators', 'pythonpath_develop')
[2.173s] INFO:colcon.colcon_core.shell:Creating environment hook '/workspaces/ROS2Project/build/hvac_actuators/share/hvac_actuators/hook/pythonpath_develop.ps1'
[2.174s] INFO:colcon.colcon_core.shell:Creating environment descriptor '/workspaces/ROS2Project/build/hvac_actuators/share/hvac_actuators/hook/pythonpath_develop.dsv'
[2.174s] INFO:colcon.colcon_core.shell:Creating environment hook '/workspaces/ROS2Project/build/hvac_actuators/share/hvac_actuators/hook/pythonpath_develop.sh'
[2.178s] Level 1:colcon.colcon_core.environment:checking '/workspaces/ROS2Project/install/hvac_actuators' for CMake module files
[2.178s] Level 1:colcon.colcon_core.environment:checking '/workspaces/ROS2Project/install/hvac_actuators' for CMake config files
[2.179s] Level 1:colcon.colcon_core.environment:checking '/workspaces/ROS2Project/install/hvac_actuators/lib'
[2.180s] DEBUG:colcon.colcon_core.event_handler.log_command:Invoked command in '/workspaces/ROS2Project/build/hvac_actuators' returned '0': PYTHONPATH=/workspaces/ROS2Project/build/hvac_actuators/prefix_override:/usr/lib/python3/dist-packages/colcon_core/task/python/colcon_distutils_commands:/workspaces/ROS2Project/install/hvac_actuators/lib/python3.8/site-packages:${PYTHONPATH} /usr/bin/python3 -W ignore:setup.py install is deprecated -W ignore:easy_install command is deprecated setup.py develop --editable --build-directory /workspaces/ROS2Project/build/hvac_actuators/build --no-deps symlink_data
[2.180s] Level 1:colcon.colcon_core.environment:checking '/workspaces/ROS2Project/install/hvac_actuators/bin'
[2.180s] Level 1:colcon.colcon_core.environment:checking '/workspaces/ROS2Project/install/hvac_actuators/lib/pkgconfig/hvac_actuators.pc'
[2.180s] Level 1:colcon.colcon_core.environment:checking '/workspaces/ROS2Project/install/hvac_actuators/lib/python3.8/site-packages'
[2.181s] Level 1:colcon.colcon_core.shell:create_environment_hook('hvac_actuators', 'pythonpath')
[2.181s] INFO:colcon.colcon_core.shell:Creating environment hook '/workspaces/ROS2Project/install/hvac_actuators/share/hvac_actuators/hook/pythonpath.ps1'
[2.181s] INFO:colcon.colcon_core.shell:Creating environment descriptor '/workspaces/ROS2Project/install/hvac_actuators/share/hvac_actuators/hook/pythonpath.dsv'
[2.182s] INFO:colcon.colcon_core.shell:Creating environment hook '/workspaces/ROS2Project/install/hvac_actuators/share/hvac_actuators/hook/pythonpath.sh'
[2.182s] Level 1:colcon.colcon_core.environment:checking '/workspaces/ROS2Project/install/hvac_actuators/bin'
[2.182s] Level 1:colcon.colcon_core.environment:create_environment_scripts_only(hvac_actuators)
[2.183s] INFO:colcon.colcon_core.shell:Creating package script '/workspaces/ROS2Project/install/hvac_actuators/share/hvac_actuators/package.ps1'
[2.184s] INFO:colcon.colcon_core.shell:Creating package descriptor '/workspaces/ROS2Project/install/hvac_actuators/share/hvac_actuators/package.dsv'
[2.185s] INFO:colcon.colcon_core.shell:Creating package script '/workspaces/ROS2Project/install/hvac_actuators/share/hvac_actuators/package.sh'
[2.186s] INFO:colcon.colcon_core.shell:Creating package script '/workspaces/ROS2Project/install/hvac_actuators/share/hvac_actuators/package.bash'
[2.187s] INFO:colcon.colcon_core.shell:Creating package script '/workspaces/ROS2Project/install/hvac_actuators/share/hvac_actuators/package.zsh'
[2.188s] Level 1:colcon.colcon_core.environment:create_file_with_runtime_dependencies(/workspaces/ROS2Project/install/hvac_actuators/share/colcon-core/packages/hvac_actuators)
[2.189s] INFO:colcon.colcon_ros.task.ament_python.build:Building ROS package in '/workspaces/ROS2Project/ros_ws/src/temp_sensor' with build type 'ament_python'
[2.190s] Level 1:colcon.colcon_core.shell:create_environment_hook('temp_sensor', 'ament_prefix_path')
[2.190s] INFO:colcon.colcon_core.shell:Creating environment hook '/workspaces/ROS2Project/install/temp_sensor/share/temp_sensor/hook/ament_prefix_path.ps1'
[2.191s] INFO:colcon.colcon_core.shell:Creating environment descriptor '/workspaces/ROS2Project/install/temp_sensor/share/temp_sensor/hook/ament_prefix_path.dsv'
[2.191s] INFO:colcon.colcon_core.shell:Creating environment hook '/workspaces/ROS2Project/install/temp_sensor/share/temp_sensor/hook/ament_prefix_path.sh'
[2.192s] INFO:colcon.colcon_core.shell:Skip shell extension 'powershell' for command environment: Not usable outside of PowerShell
[2.192s] DEBUG:colcon.colcon_core.shell:Skip shell extension 'dsv' for command environment
[2.421s] INFO:colcon.colcon_core.task.python.build:Building Python package in '/workspaces/ROS2Project/ros_ws/src/temp_sensor'
[2.421s] INFO:colcon.colcon_core.shell:Skip shell extension 'powershell' for command environment: Not usable outside of PowerShell
[2.421s] DEBUG:colcon.colcon_core.shell:Skip shell extension 'dsv' for command environment
[2.427s] Level 1:colcon.colcon_core.shell:create_environment_hook('hvac_control', 'pythonpath_develop')
[2.428s] INFO:colcon.colcon_core.shell:Creating environment hook '/workspaces/ROS2Project/build/hvac_control/share/hvac_control/hook/pythonpath_develop.ps1'
[2.429s] DEBUG:colcon.colcon_core.event_handler.log_command:Invoked command in '/workspaces/ROS2Project/build/hvac_control' returned '0': PYTHONPATH=/workspaces/ROS2Project/build/hvac_control/prefix_override:/usr/lib/python3/dist-packages/colcon_core/task/python/colcon_distutils_commands:/workspaces/ROS2Project/install/hvac_control/lib/python3.8/site-packages:${PYTHONPATH} /usr/bin/python3 -W ignore:setup.py install is deprecated -W ignore:easy_install command is deprecated setup.py develop --editable --build-directory /workspaces/ROS2Project/build/hvac_control/build --no-deps symlink_data
[2.429s] INFO:colcon.colcon_core.shell:Creating environment descriptor '/workspaces/ROS2Project/build/hvac_control/share/hvac_control/hook/pythonpath_develop.dsv'
[2.429s] INFO:colcon.colcon_core.shell:Creating environment hook '/workspaces/ROS2Project/build/hvac_control/share/hvac_control/hook/pythonpath_develop.sh'
[2.430s] Level 1:colcon.colcon_core.environment:checking '/workspaces/ROS2Project/install/hvac_control' for CMake module files
[2.430s] Level 1:colcon.colcon_core.environment:checking '/workspaces/ROS2Project/install/hvac_control' for CMake config files
[2.431s] Level 1:colcon.colcon_core.environment:checking '/workspaces/ROS2Project/install/hvac_control/lib'
[2.431s] Level 1:colcon.colcon_core.environment:checking '/workspaces/ROS2Project/install/hvac_control/bin'
[2.431s] Level 1:colcon.colcon_core.environment:checking '/workspaces/ROS2Project/install/hvac_control/lib/pkgconfig/hvac_control.pc'
[2.431s] Level 1:colcon.colcon_core.environment:checking '/workspaces/ROS2Project/install/hvac_control/lib/python3.8/site-packages'
[2.431s] Level 1:colcon.colcon_core.shell:create_environment_hook('hvac_control', 'pythonpath')
[2.431s] INFO:colcon.colcon_core.shell:Creating environment hook '/workspaces/ROS2Project/install/hvac_control/share/hvac_control/hook/pythonpath.ps1'
[2.432s] INFO:colcon.colcon_core.shell:Creating environment descriptor '/workspaces/ROS2Project/install/hvac_control/share/hvac_control/hook/pythonpath.dsv'
[2.432s] INFO:colcon.colcon_core.shell:Creating environment hook '/workspaces/ROS2Project/install/hvac_control/share/hvac_control/hook/pythonpath.sh'
[2.433s] Level 1:colcon.colcon_core.environment:checking '/workspaces/ROS2Project/install/hvac_control/bin'
[2.433s] Level 1:colcon.colcon_core.environment:create_environment_scripts_only(hvac_control)
[2.433s] INFO:colcon.colcon_core.shell:Creating package script '/workspaces/ROS2Project/install/hvac_control/share/hvac_control/package.ps1'
[2.434s] INFO:colcon.colcon_core.shell:Creating package descriptor '/workspaces/ROS2Project/install/hvac_control/share/hvac_control/package.dsv'
[2.435s] INFO:colcon.colcon_core.shell:Creating package script '/workspaces/ROS2Project/install/hvac_control/share/hvac_control/package.sh'
[2.435s] INFO:colcon.colcon_core.shell:Creating package script '/workspaces/ROS2Project/install/hvac_control/share/hvac_control/package.bash'
[2.436s] INFO:colcon.colcon_core.shell:Creating package script '/workspaces/ROS2Project/install/hvac_control/share/hvac_control/package.zsh'
[2.436s] Level 1:colcon.colcon_core.environment:create_file_with_runtime_dependencies(/workspaces/ROS2Project/install/hvac_control/share/colcon-core/packages/hvac_control)
[2.775s] DEBUG:colcon.colcon_core.event_handler.log_command:Invoking command in '/workspaces/ROS2Project/build/temp_sensor': PYTHONPATH=/workspaces/ROS2Project/build/temp_sensor/prefix_override:/usr/lib/python3/dist-packages/colcon_core/task/python/colcon_distutils_commands:/workspaces/ROS2Project/install/temp_sensor/lib/python3.8/site-packages:${PYTHONPATH} /usr/bin/python3 -W ignore:setup.py install is deprecated -W ignore:easy_install command is deprecated setup.py develop --editable --build-directory /workspaces/ROS2Project/build/temp_sensor/build --no-deps symlink_data
[3.142s] Level 1:colcon.colcon_core.shell:create_environment_hook('temp_sensor', 'pythonpath_develop')
[3.142s] INFO:colcon.colcon_core.shell:Creating environment hook '/workspaces/ROS2Project/build/temp_sensor/share/temp_sensor/hook/pythonpath_develop.ps1'
[3.143s] DEBUG:colcon.colcon_core.event_handler.log_command:Invoked command in '/workspaces/ROS2Project/build/temp_sensor' returned '0': PYTHONPATH=/workspaces/ROS2Project/build/temp_sensor/prefix_override:/usr/lib/python3/dist-packages/colcon_core/task/python/colcon_distutils_commands:/workspaces/ROS2Project/install/temp_sensor/lib/python3.8/site-packages:${PYTHONPATH} /usr/bin/python3 -W ignore:setup.py install is deprecated -W ignore:easy_install command is deprecated setup.py develop --editable --build-directory /workspaces/ROS2Project/build/temp_sensor/build --no-deps symlink_data
[3.143s] INFO:colcon.colcon_core.shell:Creating environment descriptor '/workspaces/ROS2Project/build/temp_sensor/share/temp_sensor/hook/pythonpath_develop.dsv'
[3.144s] INFO:colcon.colcon_core.shell:Creating environment hook '/workspaces/ROS2Project/build/temp_sensor/share/temp_sensor/hook/pythonpath_develop.sh'
[3.144s] Level 1:colcon.colcon_core.environment:checking '/workspaces/ROS2Project/install/temp_sensor' for CMake module files
[3.145s] Level 1:colcon.colcon_core.environment:checking '/workspaces/ROS2Project/install/temp_sensor' for CMake config files
[3.145s] Level 1:colcon.colcon_core.environment:checking '/workspaces/ROS2Project/install/temp_sensor/lib'
[3.145s] Level 1:colcon.colcon_core.environment:checking '/workspaces/ROS2Project/install/temp_sensor/bin'
[3.145s] Level 1:colcon.colcon_core.environment:checking '/workspaces/ROS2Project/install/temp_sensor/lib/pkgconfig/temp_sensor.pc'
[3.146s] Level 1:colcon.colcon_core.environment:checking '/workspaces/ROS2Project/install/temp_sensor/lib/python3.8/site-packages'
[3.146s] Level 1:colcon.colcon_core.shell:create_environment_hook('temp_sensor', 'pythonpath')
[3.146s] INFO:colcon.colcon_core.shell:Creating environment hook '/workspaces/ROS2Project/install/temp_sensor/share/temp_sensor/hook/pythonpath.ps1'
[3.146s] INFO:colcon.colcon_core.shell:Creating environment descriptor '/workspaces/ROS2Project/install/temp_sensor/share/temp_sensor/hook/pythonpath.dsv'
[3.147s] INFO:colcon.colcon_core.shell:Creating environment hook '/workspaces/ROS2Project/install/temp_sensor/share/temp_sensor/hook/pythonpath.sh'
[3.147s] Level 1:colcon.colcon_core.environment:checking '/workspaces/ROS2Project/install/temp_sensor/bin'
[3.147s] Level 1:colcon.colcon_core.environment:create_environment_scripts_only(temp_sensor)
[3.148s] INFO:colcon.colcon_core.shell:Creating package script '/workspaces/ROS2Project/install/temp_sensor/share/temp_sensor/package.ps1'
[3.148s] INFO:colcon.colcon_core.shell:Creating package descriptor '/workspaces/ROS2Project/install/temp_sensor/share/temp_sensor/package.dsv'
[3.149s] INFO:colcon.colcon_core.shell:Creating package script '/workspaces/ROS2Project/install/temp_sensor/share/temp_sensor/package.sh'
[3.149s] INFO:colcon.colcon_core.shell:Creating package script '/workspaces/ROS2Project/install/temp_sensor/share/temp_sensor/package.bash'
[3.150s] INFO:colcon.colcon_core.shell:Creating package script '/workspaces/ROS2Project/install/temp_sensor/share/temp_sensor/package.zsh'
[3.150s] Level 1:colcon.colcon_core.environment:create_file_with_runtime_dependencies(/workspaces/ROS2Project/install/temp_sensor/share/colcon-core/packages/temp_sensor)
[3.150s] DEBUG:colcon.colcon_parallel_executor.executor.parallel:closing loop
[3.151s] DEBUG:colcon.colcon_parallel_executor.executor.parallel:loop closed
[3.151s] DEBUG:colcon.colcon_parallel_executor.executor.parallel:run_until_complete finished with '0'
[3.151s] DEBUG:colcon.colcon_core.event_reactor:joining thread
[3.157s] INFO:colcon.colcon_core.plugin_system:Skipping extension 'colcon_notification.desktop_notification.notify_send': Could not find 'notify-send'
[3.157s] INFO:colcon.colcon_core.plugin_system:Skipping extension 'colcon_notification.desktop_notification.terminal_notifier': Not used on non-Darwin systems
[3.157s] INFO:colcon.colcon_core.plugin_system:Skipping extension 'colcon_notification.desktop_notification.win32': Not used on non-Windows systems
[3.157s] INFO:colcon.colcon_notification.desktop_notification:Sending desktop notification using 'notify2'
[3.157s] DEBUG:colcon.colcon_notification.desktop_notification.notify2:Failed to initialize notify2: org.freedesktop.DBus.Error.NotSupported: Unable to autolaunch a dbus-daemon without a $DISPLAY for X11
[3.157s] DEBUG:colcon.colcon_core.event_reactor:joined thread
[3.158s] INFO:colcon.colcon_core.shell:Creating prefix script '/workspaces/ROS2Project/install/local_setup.ps1'
[3.159s] INFO:colcon.colcon_core.shell:Creating prefix util module '/workspaces/ROS2Project/install/_local_setup_util_ps1.py'
[3.160s] INFO:colcon.colcon_core.shell:Creating prefix chain script '/workspaces/ROS2Project/install/setup.ps1'
[3.161s] INFO:colcon.colcon_core.shell:Creating prefix script '/workspaces/ROS2Project/install/local_setup.sh'
[3.161s] INFO:colcon.colcon_core.shell:Creating prefix util module '/workspaces/ROS2Project/install/_local_setup_util_sh.py'
[3.162s] INFO:colcon.colcon_core.shell:Creating prefix chain script '/workspaces/ROS2Project/install/setup.sh'
[3.163s] INFO:colcon.colcon_core.shell:Creating prefix script '/workspaces/ROS2Project/install/local_setup.bash'
[3.163s] INFO:colcon.colcon_core.shell:Creating prefix chain script '/workspaces/ROS2Project/install/setup.bash'
[3.164s] INFO:colcon.colcon_core.shell:Creating prefix script '/workspaces/ROS2Project/install/local_setup.zsh'
[3.165s] INFO:colcon.colcon_core.shell:Creating prefix chain script '/workspaces/ROS2Project/install/setup.zsh'
