running develop
running egg_info
creating hvac_control.egg-info
writing hvac_control.egg-info/PKG-INFO
writing dependency_links to hvac_control.egg-info/dependency_links.txt
writing entry points to hvac_control.egg-info/entry_points.txt
writing requirements to hvac_control.egg-info/requires.txt
writing top-level names to hvac_control.egg-info/top_level.txt
writing manifest file 'hvac_control.egg-info/SOURCES.txt'
reading manifest file 'hvac_control.egg-info/SOURCES.txt'
writing manifest file 'hvac_control.egg-info/SOURCES.txt'
running build_ext
Creating /workspaces/ROS2Project/ros_ws/install/hvac_control/lib/python3.8/site-packages/site.py
Creating /workspaces/ROS2Project/ros_ws/install/hvac_control/lib/python3.8/site-packages/hvac-control.egg-link (link to .)
Installing Controller script to /workspaces/ROS2Project/ros_ws/install/hvac_control/lib/hvac_control
Installing UI script to /workspaces/ROS2Project/ros_ws/install/hvac_control/lib/hvac_control

Installed /workspaces/ROS2Project/ros_ws/build/hvac_control
running symlink_data
creating /workspaces/ROS2Project/ros_ws/install/hvac_control/share/ament_index
creating /workspaces/ROS2Project/ros_ws/install/hvac_control/share/ament_index/resource_index
creating /workspaces/ROS2Project/ros_ws/install/hvac_control/share/ament_index/resource_index/packages
symbolically linking /workspaces/ROS2Project/ros_ws/build/hvac_control/resource/hvac_control -> /workspaces/ROS2Project/ros_ws/install/hvac_control/share/ament_index/resource_index/packages
symbolically linking /workspaces/ROS2Project/ros_ws/build/hvac_control/package.xml -> /workspaces/ROS2Project/ros_ws/install/hvac_control/share/hvac_control
