[1.095s] Invoking command in '/workspaces/ROS2Project/ros_ws/build/hvac_control': PYTHONPATH=/workspaces/ROS2Project/ros_ws/build/hvac_control/prefix_override:/usr/lib/python3/dist-packages/colcon_core/task/python/colcon_distutils_commands:/workspaces/ROS2Project/ros_ws/install/hvac_control/lib/python3.8/site-packages: /usr/bin/python3 -W ignore:setup.py install is deprecated -W ignore:easy_install command is deprecated setup.py develop --editable --build-directory /workspaces/ROS2Project/ros_ws/build/hvac_control/build --no-deps symlink_data
[1.402s] running develop
[1.535s] running egg_info
[1.535s] creating hvac_control.egg-info
[1.536s] writing hvac_control.egg-info/PKG-INFO
[1.537s] writing dependency_links to hvac_control.egg-info/dependency_links.txt
[1.538s] writing entry points to hvac_control.egg-info/entry_points.txt
[1.538s] writing requirements to hvac_control.egg-info/requires.txt
[1.539s] writing top-level names to hvac_control.egg-info/top_level.txt
[1.541s] writing manifest file 'hvac_control.egg-info/SOURCES.txt'
[1.586s] reading manifest file 'hvac_control.egg-info/SOURCES.txt'
[1.587s] writing manifest file 'hvac_control.egg-info/SOURCES.txt'
[1.638s] running build_ext
[1.639s] Creating /workspaces/ROS2Project/ros_ws/install/hvac_control/lib/python3.8/site-packages/site.py
[1.644s] Creating /workspaces/ROS2Project/ros_ws/install/hvac_control/lib/python3.8/site-packages/hvac-control.egg-link (link to .)
[1.645s] Installing Controller script to /workspaces/ROS2Project/ros_ws/install/hvac_control/lib/hvac_control
[1.646s] Installing UI script to /workspaces/ROS2Project/ros_ws/install/hvac_control/lib/hvac_control
[1.647s] 
[1.647s] Installed /workspaces/ROS2Project/ros_ws/build/hvac_control
[1.648s] running symlink_data
[1.649s] creating /workspaces/ROS2Project/ros_ws/install/hvac_control/share/ament_index
[1.649s] creating /workspaces/ROS2Project/ros_ws/install/hvac_control/share/ament_index/resource_index
[1.653s] creating /workspaces/ROS2Project/ros_ws/install/hvac_control/share/ament_index/resource_index/packages
[1.654s] symbolically linking /workspaces/ROS2Project/ros_ws/build/hvac_control/resource/hvac_control -> /workspaces/ROS2Project/ros_ws/install/hvac_control/share/ament_index/resource_index/packages
[1.654s] symbolically linking /workspaces/ROS2Project/ros_ws/build/hvac_control/package.xml -> /workspaces/ROS2Project/ros_ws/install/hvac_control/share/hvac_control
[1.690s] Invoked command in '/workspaces/ROS2Project/ros_ws/build/hvac_control' returned '0': PYTHONPATH=/workspaces/ROS2Project/ros_ws/build/hvac_control/prefix_override:/usr/lib/python3/dist-packages/colcon_core/task/python/colcon_distutils_commands:/workspaces/ROS2Project/ros_ws/install/hvac_control/lib/python3.8/site-packages: /usr/bin/python3 -W ignore:setup.py install is deprecated -W ignore:easy_install command is deprecated setup.py develop --editable --build-directory /workspaces/ROS2Project/ros_ws/build/hvac_control/build --no-deps symlink_data
