[0.142s] DEBUG:colcon:Command line arguments: ['/usr/bin/colcon', 'build', '--symlink-install']
[0.143s] DEBUG:colcon:Parsed command line arguments: Namespace(allow_overriding=[], ament_cmake_args=None, base_paths=['.'], build_base='build', catkin_cmake_args=None, catkin_skip_building_tests=False, cmake_args=None, cmake_clean_cache=False, cmake_clean_first=False, cmake_force_configure=False, cmake_target=None, cmake_target_skip_unavailable=False, continue_on_error=False, event_handlers=None, executor='parallel', ignore_user_meta=False, install_base='install', log_base=None, log_level=None, main=<bound method BuildVerb.main of <colcon_core.verb.build.BuildVerb object at 0x7c31e37c06a0>>, merge_install=False, metas=['./colcon.meta'], mixin=None, mixin_files=None, mixin_verb=('build',), packages_above=None, packages_above_and_dependencies=None, packages_above_depth=None, packages_end=None, packages_ignore=None, packages_ignore_regex=None, packages_select=None, packages_select_build_failed=False, packages_select_by_dep=None, packages_select_regex=None, packages_select_test_failures=False, packages_skip=None, packages_skip_build_finished=False, packages_skip_by_dep=None, packages_skip_regex=None, packages_skip_test_passed=False, packages_skip_up_to=None, packages_start=None, packages_up_to=None, packages_up_to_regex=None, parallel_workers=2, paths=None, symlink_install=True, test_result_base=None, verb_extension=<colcon_core.verb.build.BuildVerb object at 0x7c31e37c06a0>, verb_name='build', verb_parser=<colcon_mixin.mixin.mixin_argument.MixinArgumentDecorator object at 0x7c31e37c0dc0>)
[0.248s] Level 1:colcon.colcon_core.package_discovery:discover_packages(colcon_meta) check parameters
[0.248s] Level 1:colcon.colcon_core.package_discovery:discover_packages(recursive) check parameters
[0.248s] Level 1:colcon.colcon_core.package_discovery:discover_packages(ignore) check parameters
[0.248s] Level 1:colcon.colcon_core.package_discovery:discover_packages(path) check parameters
[0.248s] Level 1:colcon.colcon_core.package_discovery:discover_packages(colcon_meta) discover
[0.248s] Level 1:colcon.colcon_core.package_discovery:discover_packages(recursive) discover
[0.248s] INFO:colcon.colcon_core.package_discovery:Crawling recursively for packages in '/workspaces/ROS2Project/ros_ws'
[0.248s] Level 1:colcon.colcon_core.package_identification:_identify(.) by extensions ['ignore', 'ignore_ament_install']
[0.249s] Level 1:colcon.colcon_core.package_identification:_identify(.) by extension 'ignore'
[0.249s] Level 1:colcon.colcon_core.package_identification:_identify(.) by extension 'ignore_ament_install'
[0.249s] Level 1:colcon.colcon_core.package_identification:_identify(.) by extensions ['colcon_pkg']
[0.249s] Level 1:colcon.colcon_core.package_identification:_identify(.) by extension 'colcon_pkg'
[0.249s] Level 1:colcon.colcon_core.package_identification:_identify(.) by extensions ['colcon_meta']
[0.249s] Level 1:colcon.colcon_core.package_identification:_identify(.) by extension 'colcon_meta'
[0.249s] Level 1:colcon.colcon_core.package_identification:_identify(.) by extensions ['ros']
[0.249s] Level 1:colcon.colcon_core.package_identification:_identify(.) by extension 'ros'
[0.263s] Level 1:colcon.colcon_core.package_identification:_identify(.) by extensions ['cmake', 'python']
[0.263s] Level 1:colcon.colcon_core.package_identification:_identify(.) by extension 'cmake'
[0.263s] Level 1:colcon.colcon_core.package_identification:_identify(.) by extension 'python'
[0.263s] Level 1:colcon.colcon_core.package_identification:_identify(.) by extensions ['python_setup_py']
[0.263s] Level 1:colcon.colcon_core.package_identification:_identify(.) by extension 'python_setup_py'
[0.264s] Level 1:colcon.colcon_core.package_identification:_identify(build) by extensions ['ignore', 'ignore_ament_install']
[0.264s] Level 1:colcon.colcon_core.package_identification:_identify(build) by extension 'ignore'
[0.264s] Level 1:colcon.colcon_core.package_identification:_identify(build) ignored
[0.264s] Level 1:colcon.colcon_core.package_identification:_identify(install) by extensions ['ignore', 'ignore_ament_install']
[0.264s] Level 1:colcon.colcon_core.package_identification:_identify(install) by extension 'ignore'
[0.264s] Level 1:colcon.colcon_core.package_identification:_identify(install) ignored
[0.264s] Level 1:colcon.colcon_core.package_identification:_identify(log) by extensions ['ignore', 'ignore_ament_install']
[0.264s] Level 1:colcon.colcon_core.package_identification:_identify(log) by extension 'ignore'
[0.264s] Level 1:colcon.colcon_core.package_identification:_identify(log) ignored
[0.264s] Level 1:colcon.colcon_core.package_identification:_identify(src) by extensions ['ignore', 'ignore_ament_install']
[0.265s] Level 1:colcon.colcon_core.package_identification:_identify(src) by extension 'ignore'
[0.265s] Level 1:colcon.colcon_core.package_identification:_identify(src) by extension 'ignore_ament_install'
[0.265s] Level 1:colcon.colcon_core.package_identification:_identify(src) by extensions ['colcon_pkg']
[0.265s] Level 1:colcon.colcon_core.package_identification:_identify(src) by extension 'colcon_pkg'
[0.265s] Level 1:colcon.colcon_core.package_identification:_identify(src) by extensions ['colcon_meta']
[0.265s] Level 1:colcon.colcon_core.package_identification:_identify(src) by extension 'colcon_meta'
[0.265s] Level 1:colcon.colcon_core.package_identification:_identify(src) by extensions ['ros']
[0.265s] Level 1:colcon.colcon_core.package_identification:_identify(src) by extension 'ros'
[0.265s] Level 1:colcon.colcon_core.package_identification:_identify(src) by extensions ['cmake', 'python']
[0.265s] Level 1:colcon.colcon_core.package_identification:_identify(src) by extension 'cmake'
[0.265s] Level 1:colcon.colcon_core.package_identification:_identify(src) by extension 'python'
[0.265s] Level 1:colcon.colcon_core.package_identification:_identify(src) by extensions ['python_setup_py']
[0.265s] Level 1:colcon.colcon_core.package_identification:_identify(src) by extension 'python_setup_py'
[0.266s] Level 1:colcon.colcon_core.package_identification:_identify(src/hvac_actuators) by extensions ['ignore', 'ignore_ament_install']
[0.266s] Level 1:colcon.colcon_core.package_identification:_identify(src/hvac_actuators) by extension 'ignore'
[0.266s] Level 1:colcon.colcon_core.package_identification:_identify(src/hvac_actuators) by extension 'ignore_ament_install'
[0.266s] Level 1:colcon.colcon_core.package_identification:_identify(src/hvac_actuators) by extensions ['colcon_pkg']
[0.266s] Level 1:colcon.colcon_core.package_identification:_identify(src/hvac_actuators) by extension 'colcon_pkg'
[0.266s] Level 1:colcon.colcon_core.package_identification:_identify(src/hvac_actuators) by extensions ['colcon_meta']
[0.266s] Level 1:colcon.colcon_core.package_identification:_identify(src/hvac_actuators) by extension 'colcon_meta'
[0.266s] Level 1:colcon.colcon_core.package_identification:_identify(src/hvac_actuators) by extensions ['ros']
[0.266s] Level 1:colcon.colcon_core.package_identification:_identify(src/hvac_actuators) by extension 'ros'
[0.269s] DEBUG:colcon.colcon_core.package_identification:Package 'src/hvac_actuators' with type 'ros.ament_python' and name 'hvac_actuators'
[0.269s] Level 1:colcon.colcon_core.package_identification:_identify(src/hvac_control) by extensions ['ignore', 'ignore_ament_install']
[0.269s] Level 1:colcon.colcon_core.package_identification:_identify(src/hvac_control) by extension 'ignore'
[0.269s] Level 1:colcon.colcon_core.package_identification:_identify(src/hvac_control) by extension 'ignore_ament_install'
[0.269s] Level 1:colcon.colcon_core.package_identification:_identify(src/hvac_control) by extensions ['colcon_pkg']
[0.269s] Level 1:colcon.colcon_core.package_identification:_identify(src/hvac_control) by extension 'colcon_pkg'
[0.269s] Level 1:colcon.colcon_core.package_identification:_identify(src/hvac_control) by extensions ['colcon_meta']
[0.269s] Level 1:colcon.colcon_core.package_identification:_identify(src/hvac_control) by extension 'colcon_meta'
[0.269s] Level 1:colcon.colcon_core.package_identification:_identify(src/hvac_control) by extensions ['ros']
[0.270s] Level 1:colcon.colcon_core.package_identification:_identify(src/hvac_control) by extension 'ros'
[0.270s] DEBUG:colcon.colcon_core.package_identification:Package 'src/hvac_control' with type 'ros.ament_python' and name 'hvac_control'
[0.270s] Level 1:colcon.colcon_core.package_identification:_identify(src/temp_sensor) by extensions ['ignore', 'ignore_ament_install']
[0.271s] Level 1:colcon.colcon_core.package_identification:_identify(src/temp_sensor) by extension 'ignore'
[0.271s] Level 1:colcon.colcon_core.package_identification:_identify(src/temp_sensor) by extension 'ignore_ament_install'
[0.271s] Level 1:colcon.colcon_core.package_identification:_identify(src/temp_sensor) by extensions ['colcon_pkg']
[0.271s] Level 1:colcon.colcon_core.package_identification:_identify(src/temp_sensor) by extension 'colcon_pkg'
[0.271s] Level 1:colcon.colcon_core.package_identification:_identify(src/temp_sensor) by extensions ['colcon_meta']
[0.271s] Level 1:colcon.colcon_core.package_identification:_identify(src/temp_sensor) by extension 'colcon_meta'
[0.271s] Level 1:colcon.colcon_core.package_identification:_identify(src/temp_sensor) by extensions ['ros']
[0.271s] Level 1:colcon.colcon_core.package_identification:_identify(src/temp_sensor) by extension 'ros'
[0.272s] DEBUG:colcon.colcon_core.package_identification:Package 'src/temp_sensor' with type 'ros.ament_python' and name 'temp_sensor'
[0.272s] Level 1:colcon.colcon_core.package_discovery:discover_packages(recursive) using defaults
[0.272s] Level 1:colcon.colcon_core.package_discovery:discover_packages(ignore) discover
[0.272s] Level 1:colcon.colcon_core.package_discovery:discover_packages(ignore) using defaults
[0.272s] Level 1:colcon.colcon_core.package_discovery:discover_packages(path) discover
[0.272s] Level 1:colcon.colcon_core.package_discovery:discover_packages(path) using defaults
[0.286s] Level 1:colcon.colcon_core.package_discovery:discover_packages(prefix_path) check parameters
[0.286s] Level 1:colcon.colcon_core.package_discovery:discover_packages(prefix_path) discover
[0.287s] Level 1:colcon.colcon_core.package_discovery:discover_packages(prefix_path) using defaults
[0.288s] Level 5:colcon.colcon_core.verb:set package 'hvac_actuators' build argument 'cmake_args' from command line to 'None'
[0.288s] Level 5:colcon.colcon_core.verb:set package 'hvac_actuators' build argument 'cmake_target' from command line to 'None'
[0.288s] Level 5:colcon.colcon_core.verb:set package 'hvac_actuators' build argument 'cmake_target_skip_unavailable' from command line to 'False'
[0.288s] Level 5:colcon.colcon_core.verb:set package 'hvac_actuators' build argument 'cmake_clean_cache' from command line to 'False'
[0.288s] Level 5:colcon.colcon_core.verb:set package 'hvac_actuators' build argument 'cmake_clean_first' from command line to 'False'
[0.288s] Level 5:colcon.colcon_core.verb:set package 'hvac_actuators' build argument 'cmake_force_configure' from command line to 'False'
[0.288s] Level 5:colcon.colcon_core.verb:set package 'hvac_actuators' build argument 'ament_cmake_args' from command line to 'None'
[0.288s] Level 5:colcon.colcon_core.verb:set package 'hvac_actuators' build argument 'catkin_cmake_args' from command line to 'None'
[0.289s] Level 5:colcon.colcon_core.verb:set package 'hvac_actuators' build argument 'catkin_skip_building_tests' from command line to 'False'
[0.289s] DEBUG:colcon.colcon_core.verb:Building package 'hvac_actuators' with the following arguments: {'ament_cmake_args': None, 'build_base': '/workspaces/ROS2Project/ros_ws/build/hvac_actuators', 'catkin_cmake_args': None, 'catkin_skip_building_tests': False, 'cmake_args': None, 'cmake_clean_cache': False, 'cmake_clean_first': False, 'cmake_force_configure': False, 'cmake_target': None, 'cmake_target_skip_unavailable': False, 'install_base': '/workspaces/ROS2Project/ros_ws/install/hvac_actuators', 'merge_install': False, 'path': '/workspaces/ROS2Project/ros_ws/src/hvac_actuators', 'symlink_install': True, 'test_result_base': None}
[0.289s] Level 5:colcon.colcon_core.verb:set package 'hvac_control' build argument 'cmake_args' from command line to 'None'
[0.289s] Level 5:colcon.colcon_core.verb:set package 'hvac_control' build argument 'cmake_target' from command line to 'None'
[0.289s] Level 5:colcon.colcon_core.verb:set package 'hvac_control' build argument 'cmake_target_skip_unavailable' from command line to 'False'
[0.289s] Level 5:colcon.colcon_core.verb:set package 'hvac_control' build argument 'cmake_clean_cache' from command line to 'False'
[0.289s] Level 5:colcon.colcon_core.verb:set package 'hvac_control' build argument 'cmake_clean_first' from command line to 'False'
[0.289s] Level 5:colcon.colcon_core.verb:set package 'hvac_control' build argument 'cmake_force_configure' from command line to 'False'
[0.289s] Level 5:colcon.colcon_core.verb:set package 'hvac_control' build argument 'ament_cmake_args' from command line to 'None'
[0.289s] Level 5:colcon.colcon_core.verb:set package 'hvac_control' build argument 'catkin_cmake_args' from command line to 'None'
[0.289s] Level 5:colcon.colcon_core.verb:set package 'hvac_control' build argument 'catkin_skip_building_tests' from command line to 'False'
[0.289s] DEBUG:colcon.colcon_core.verb:Building package 'hvac_control' with the following arguments: {'ament_cmake_args': None, 'build_base': '/workspaces/ROS2Project/ros_ws/build/hvac_control', 'catkin_cmake_args': None, 'catkin_skip_building_tests': False, 'cmake_args': None, 'cmake_clean_cache': False, 'cmake_clean_first': False, 'cmake_force_configure': False, 'cmake_target': None, 'cmake_target_skip_unavailable': False, 'install_base': '/workspaces/ROS2Project/ros_ws/install/hvac_control', 'merge_install': False, 'path': '/workspaces/ROS2Project/ros_ws/src/hvac_control', 'symlink_install': True, 'test_result_base': None}
[0.290s] Level 5:colcon.colcon_core.verb:set package 'temp_sensor' build argument 'cmake_args' from command line to 'None'
[0.290s] Level 5:colcon.colcon_core.verb:set package 'temp_sensor' build argument 'cmake_target' from command line to 'None'
[0.290s] Level 5:colcon.colcon_core.verb:set package 'temp_sensor' build argument 'cmake_target_skip_unavailable' from command line to 'False'
[0.290s] Level 5:colcon.colcon_core.verb:set package 'temp_sensor' build argument 'cmake_clean_cache' from command line to 'False'
[0.290s] Level 5:colcon.colcon_core.verb:set package 'temp_sensor' build argument 'cmake_clean_first' from command line to 'False'
[0.290s] Level 5:colcon.colcon_core.verb:set package 'temp_sensor' build argument 'cmake_force_configure' from command line to 'False'
[0.290s] Level 5:colcon.colcon_core.verb:set package 'temp_sensor' build argument 'ament_cmake_args' from command line to 'None'
[0.290s] Level 5:colcon.colcon_core.verb:set package 'temp_sensor' build argument 'catkin_cmake_args' from command line to 'None'
[0.290s] Level 5:colcon.colcon_core.verb:set package 'temp_sensor' build argument 'catkin_skip_building_tests' from command line to 'False'
[0.290s] DEBUG:colcon.colcon_core.verb:Building package 'temp_sensor' with the following arguments: {'ament_cmake_args': None, 'build_base': '/workspaces/ROS2Project/ros_ws/build/temp_sensor', 'catkin_cmake_args': None, 'catkin_skip_building_tests': False, 'cmake_args': None, 'cmake_clean_cache': False, 'cmake_clean_first': False, 'cmake_force_configure': False, 'cmake_target': None, 'cmake_target_skip_unavailable': False, 'install_base': '/workspaces/ROS2Project/ros_ws/install/temp_sensor', 'merge_install': False, 'path': '/workspaces/ROS2Project/ros_ws/src/temp_sensor', 'symlink_install': True, 'test_result_base': None}
[0.290s] INFO:colcon.colcon_core.executor:Executing jobs using 'parallel' executor
[0.291s] DEBUG:colcon.colcon_parallel_executor.executor.parallel:run_until_complete
[0.292s] INFO:colcon.colcon_ros.task.ament_python.build:Building ROS package in '/workspaces/ROS2Project/ros_ws/src/hvac_actuators' with build type 'ament_python'
[0.292s] Level 1:colcon.colcon_core.shell:create_environment_hook('hvac_actuators', 'ament_prefix_path')
[0.294s] INFO:colcon.colcon_core.plugin_system:Skipping extension 'colcon_core.shell.bat': Not used on non-Windows systems
[0.294s] INFO:colcon.colcon_core.shell:Creating environment hook '/workspaces/ROS2Project/ros_ws/install/hvac_actuators/share/hvac_actuators/hook/ament_prefix_path.ps1'
[0.295s] INFO:colcon.colcon_core.shell:Creating environment descriptor '/workspaces/ROS2Project/ros_ws/install/hvac_actuators/share/hvac_actuators/hook/ament_prefix_path.dsv'
[0.296s] INFO:colcon.colcon_core.shell:Creating environment hook '/workspaces/ROS2Project/ros_ws/install/hvac_actuators/share/hvac_actuators/hook/ament_prefix_path.sh'
[0.298s] INFO:colcon.colcon_core.shell:Skip shell extension 'powershell' for command environment: Not usable outside of PowerShell
[0.298s] DEBUG:colcon.colcon_core.shell:Skip shell extension 'dsv' for command environment
[0.306s] INFO:colcon.colcon_ros.task.ament_python.build:Building ROS package in '/workspaces/ROS2Project/ros_ws/src/hvac_control' with build type 'ament_python'
[0.306s] Level 1:colcon.colcon_core.shell:create_environment_hook('hvac_control', 'ament_prefix_path')
[0.307s] INFO:colcon.colcon_core.shell:Creating environment hook '/workspaces/ROS2Project/ros_ws/install/hvac_control/share/hvac_control/hook/ament_prefix_path.ps1'
[0.309s] INFO:colcon.colcon_core.shell:Creating environment descriptor '/workspaces/ROS2Project/ros_ws/install/hvac_control/share/hvac_control/hook/ament_prefix_path.dsv'
[0.309s] INFO:colcon.colcon_core.shell:Creating environment hook '/workspaces/ROS2Project/ros_ws/install/hvac_control/share/hvac_control/hook/ament_prefix_path.sh'
[0.310s] INFO:colcon.colcon_core.shell:Skip shell extension 'powershell' for command environment: Not usable outside of PowerShell
[0.310s] DEBUG:colcon.colcon_core.shell:Skip shell extension 'dsv' for command environment
[0.499s] INFO:colcon.colcon_core.task.python.build:Building Python package in '/workspaces/ROS2Project/ros_ws/src/hvac_actuators'
[0.500s] INFO:colcon.colcon_core.shell:Skip shell extension 'powershell' for command environment: Not usable outside of PowerShell
[0.500s] DEBUG:colcon.colcon_core.shell:Skip shell extension 'dsv' for command environment
[0.673s] INFO:colcon.colcon_core.task.python.build:Building Python package in '/workspaces/ROS2Project/ros_ws/src/hvac_control'
[0.674s] INFO:colcon.colcon_core.shell:Skip shell extension 'powershell' for command environment: Not usable outside of PowerShell
[0.674s] DEBUG:colcon.colcon_core.shell:Skip shell extension 'dsv' for command environment
[1.402s] DEBUG:colcon.colcon_core.event_handler.log_command:Invoking command in '/workspaces/ROS2Project/ros_ws/build/hvac_control': PYTHONPATH=/workspaces/ROS2Project/ros_ws/build/hvac_control/prefix_override:/usr/lib/python3/dist-packages/colcon_core/task/python/colcon_distutils_commands:/workspaces/ROS2Project/ros_ws/install/hvac_control/lib/python3.8/site-packages: /usr/bin/python3 -W ignore:setup.py install is deprecated -W ignore:easy_install command is deprecated setup.py develop --editable --build-directory /workspaces/ROS2Project/ros_ws/build/hvac_control/build --no-deps symlink_data
[1.411s] DEBUG:colcon.colcon_core.event_handler.log_command:Invoking command in '/workspaces/ROS2Project/ros_ws/build/hvac_actuators': PYTHONPATH=/workspaces/ROS2Project/ros_ws/build/hvac_actuators/prefix_override:/usr/lib/python3/dist-packages/colcon_core/task/python/colcon_distutils_commands:/workspaces/ROS2Project/ros_ws/install/hvac_actuators/lib/python3.8/site-packages: /usr/bin/python3 -W ignore:setup.py install is deprecated -W ignore:easy_install command is deprecated setup.py develop --editable --build-directory /workspaces/ROS2Project/ros_ws/build/hvac_actuators/build --no-deps symlink_data
[1.993s] Level 1:colcon.colcon_core.shell:create_environment_hook('hvac_control', 'pythonpath_develop')
[1.994s] INFO:colcon.colcon_core.shell:Creating environment hook '/workspaces/ROS2Project/ros_ws/build/hvac_control/share/hvac_control/hook/pythonpath_develop.ps1'
[1.995s] INFO:colcon.colcon_core.shell:Creating environment descriptor '/workspaces/ROS2Project/ros_ws/build/hvac_control/share/hvac_control/hook/pythonpath_develop.dsv'
[1.995s] INFO:colcon.colcon_core.shell:Creating environment hook '/workspaces/ROS2Project/ros_ws/build/hvac_control/share/hvac_control/hook/pythonpath_develop.sh'
[1.996s] DEBUG:colcon.colcon_core.event_handler.log_command:Invoked command in '/workspaces/ROS2Project/ros_ws/build/hvac_control' returned '0': PYTHONPATH=/workspaces/ROS2Project/ros_ws/build/hvac_control/prefix_override:/usr/lib/python3/dist-packages/colcon_core/task/python/colcon_distutils_commands:/workspaces/ROS2Project/ros_ws/install/hvac_control/lib/python3.8/site-packages: /usr/bin/python3 -W ignore:setup.py install is deprecated -W ignore:easy_install command is deprecated setup.py develop --editable --build-directory /workspaces/ROS2Project/ros_ws/build/hvac_control/build --no-deps symlink_data
[2.001s] Level 1:colcon.colcon_core.environment:checking '/workspaces/ROS2Project/ros_ws/install/hvac_control' for CMake module files
[2.002s] Level 1:colcon.colcon_core.environment:checking '/workspaces/ROS2Project/ros_ws/install/hvac_control' for CMake config files
[2.002s] Level 1:colcon.colcon_core.environment:checking '/workspaces/ROS2Project/ros_ws/install/hvac_control/lib'
[2.002s] Level 1:colcon.colcon_core.environment:checking '/workspaces/ROS2Project/ros_ws/install/hvac_control/bin'
[2.003s] Level 1:colcon.colcon_core.environment:checking '/workspaces/ROS2Project/ros_ws/install/hvac_control/lib/pkgconfig/hvac_control.pc'
[2.003s] Level 1:colcon.colcon_core.environment:checking '/workspaces/ROS2Project/ros_ws/install/hvac_control/lib/python3.8/site-packages'
[2.003s] Level 1:colcon.colcon_core.shell:create_environment_hook('hvac_control', 'pythonpath')
[2.003s] INFO:colcon.colcon_core.shell:Creating environment hook '/workspaces/ROS2Project/ros_ws/install/hvac_control/share/hvac_control/hook/pythonpath.ps1'
[2.003s] INFO:colcon.colcon_core.shell:Creating environment descriptor '/workspaces/ROS2Project/ros_ws/install/hvac_control/share/hvac_control/hook/pythonpath.dsv'
[2.004s] INFO:colcon.colcon_core.shell:Creating environment hook '/workspaces/ROS2Project/ros_ws/install/hvac_control/share/hvac_control/hook/pythonpath.sh'
[2.004s] Level 1:colcon.colcon_core.environment:checking '/workspaces/ROS2Project/ros_ws/install/hvac_control/bin'
[2.005s] Level 1:colcon.colcon_core.environment:create_environment_scripts_only(hvac_control)
[2.005s] INFO:colcon.colcon_core.shell:Creating package script '/workspaces/ROS2Project/ros_ws/install/hvac_control/share/hvac_control/package.ps1'
[2.006s] INFO:colcon.colcon_core.shell:Creating package descriptor '/workspaces/ROS2Project/ros_ws/install/hvac_control/share/hvac_control/package.dsv'
[2.007s] INFO:colcon.colcon_core.shell:Creating package script '/workspaces/ROS2Project/ros_ws/install/hvac_control/share/hvac_control/package.sh'
[2.008s] INFO:colcon.colcon_core.shell:Creating package script '/workspaces/ROS2Project/ros_ws/install/hvac_control/share/hvac_control/package.bash'
[2.009s] INFO:colcon.colcon_core.shell:Creating package script '/workspaces/ROS2Project/ros_ws/install/hvac_control/share/hvac_control/package.zsh'
[2.010s] Level 1:colcon.colcon_core.environment:create_file_with_runtime_dependencies(/workspaces/ROS2Project/ros_ws/install/hvac_control/share/colcon-core/packages/hvac_control)
[2.012s] INFO:colcon.colcon_ros.task.ament_python.build:Building ROS package in '/workspaces/ROS2Project/ros_ws/src/temp_sensor' with build type 'ament_python'
[2.012s] Level 1:colcon.colcon_core.shell:create_environment_hook('temp_sensor', 'ament_prefix_path')
[2.012s] INFO:colcon.colcon_core.shell:Creating environment hook '/workspaces/ROS2Project/ros_ws/install/temp_sensor/share/temp_sensor/hook/ament_prefix_path.ps1'
[2.013s] INFO:colcon.colcon_core.shell:Creating environment descriptor '/workspaces/ROS2Project/ros_ws/install/temp_sensor/share/temp_sensor/hook/ament_prefix_path.dsv'
[2.014s] INFO:colcon.colcon_core.shell:Creating environment hook '/workspaces/ROS2Project/ros_ws/install/temp_sensor/share/temp_sensor/hook/ament_prefix_path.sh'
[2.014s] INFO:colcon.colcon_core.shell:Skip shell extension 'powershell' for command environment: Not usable outside of PowerShell
[2.015s] DEBUG:colcon.colcon_core.shell:Skip shell extension 'dsv' for command environment
[2.018s] Level 1:colcon.colcon_core.shell:create_environment_hook('hvac_actuators', 'pythonpath_develop')
[2.018s] INFO:colcon.colcon_core.shell:Creating environment hook '/workspaces/ROS2Project/ros_ws/build/hvac_actuators/share/hvac_actuators/hook/pythonpath_develop.ps1'
[2.019s] INFO:colcon.colcon_core.shell:Creating environment descriptor '/workspaces/ROS2Project/ros_ws/build/hvac_actuators/share/hvac_actuators/hook/pythonpath_develop.dsv'
[2.020s] DEBUG:colcon.colcon_core.event_handler.log_command:Invoked command in '/workspaces/ROS2Project/ros_ws/build/hvac_actuators' returned '0': PYTHONPATH=/workspaces/ROS2Project/ros_ws/build/hvac_actuators/prefix_override:/usr/lib/python3/dist-packages/colcon_core/task/python/colcon_distutils_commands:/workspaces/ROS2Project/ros_ws/install/hvac_actuators/lib/python3.8/site-packages: /usr/bin/python3 -W ignore:setup.py install is deprecated -W ignore:easy_install command is deprecated setup.py develop --editable --build-directory /workspaces/ROS2Project/ros_ws/build/hvac_actuators/build --no-deps symlink_data
[2.020s] INFO:colcon.colcon_core.shell:Creating environment hook '/workspaces/ROS2Project/ros_ws/build/hvac_actuators/share/hvac_actuators/hook/pythonpath_develop.sh'
[2.021s] Level 1:colcon.colcon_core.environment:checking '/workspaces/ROS2Project/ros_ws/install/hvac_actuators' for CMake module files
[2.021s] Level 1:colcon.colcon_core.environment:checking '/workspaces/ROS2Project/ros_ws/install/hvac_actuators' for CMake config files
[2.022s] Level 1:colcon.colcon_core.environment:checking '/workspaces/ROS2Project/ros_ws/install/hvac_actuators/lib'
[2.022s] Level 1:colcon.colcon_core.environment:checking '/workspaces/ROS2Project/ros_ws/install/hvac_actuators/bin'
[2.022s] Level 1:colcon.colcon_core.environment:checking '/workspaces/ROS2Project/ros_ws/install/hvac_actuators/lib/pkgconfig/hvac_actuators.pc'
[2.022s] Level 1:colcon.colcon_core.environment:checking '/workspaces/ROS2Project/ros_ws/install/hvac_actuators/lib/python3.8/site-packages'
[2.022s] Level 1:colcon.colcon_core.shell:create_environment_hook('hvac_actuators', 'pythonpath')
[2.023s] INFO:colcon.colcon_core.shell:Creating environment hook '/workspaces/ROS2Project/ros_ws/install/hvac_actuators/share/hvac_actuators/hook/pythonpath.ps1'
[2.023s] INFO:colcon.colcon_core.shell:Creating environment descriptor '/workspaces/ROS2Project/ros_ws/install/hvac_actuators/share/hvac_actuators/hook/pythonpath.dsv'
[2.023s] INFO:colcon.colcon_core.shell:Creating environment hook '/workspaces/ROS2Project/ros_ws/install/hvac_actuators/share/hvac_actuators/hook/pythonpath.sh'
[2.024s] Level 1:colcon.colcon_core.environment:checking '/workspaces/ROS2Project/ros_ws/install/hvac_actuators/bin'
[2.024s] Level 1:colcon.colcon_core.environment:create_environment_scripts_only(hvac_actuators)
[2.024s] INFO:colcon.colcon_core.shell:Creating package script '/workspaces/ROS2Project/ros_ws/install/hvac_actuators/share/hvac_actuators/package.ps1'
[2.025s] INFO:colcon.colcon_core.shell:Creating package descriptor '/workspaces/ROS2Project/ros_ws/install/hvac_actuators/share/hvac_actuators/package.dsv'
[2.025s] INFO:colcon.colcon_core.shell:Creating package script '/workspaces/ROS2Project/ros_ws/install/hvac_actuators/share/hvac_actuators/package.sh'
[2.025s] INFO:colcon.colcon_core.shell:Creating package script '/workspaces/ROS2Project/ros_ws/install/hvac_actuators/share/hvac_actuators/package.bash'
[2.026s] INFO:colcon.colcon_core.shell:Creating package script '/workspaces/ROS2Project/ros_ws/install/hvac_actuators/share/hvac_actuators/package.zsh'
[2.026s] Level 1:colcon.colcon_core.environment:create_file_with_runtime_dependencies(/workspaces/ROS2Project/ros_ws/install/hvac_actuators/share/colcon-core/packages/hvac_actuators)
[2.222s] INFO:colcon.colcon_core.task.python.build:Building Python package in '/workspaces/ROS2Project/ros_ws/src/temp_sensor'
[2.222s] INFO:colcon.colcon_core.shell:Skip shell extension 'powershell' for command environment: Not usable outside of PowerShell
[2.223s] DEBUG:colcon.colcon_core.shell:Skip shell extension 'dsv' for command environment
[2.896s] DEBUG:colcon.colcon_core.event_handler.log_command:Invoking command in '/workspaces/ROS2Project/ros_ws/build/temp_sensor': PYTHONPATH=/workspaces/ROS2Project/ros_ws/build/temp_sensor/prefix_override:/usr/lib/python3/dist-packages/colcon_core/task/python/colcon_distutils_commands:/workspaces/ROS2Project/ros_ws/install/temp_sensor/lib/python3.8/site-packages: /usr/bin/python3 -W ignore:setup.py install is deprecated -W ignore:easy_install command is deprecated setup.py develop --editable --build-directory /workspaces/ROS2Project/ros_ws/build/temp_sensor/build --no-deps symlink_data
[3.849s] Level 1:colcon.colcon_core.shell:create_environment_hook('temp_sensor', 'pythonpath_develop')
[3.849s] INFO:colcon.colcon_core.shell:Creating environment hook '/workspaces/ROS2Project/ros_ws/build/temp_sensor/share/temp_sensor/hook/pythonpath_develop.ps1'
[3.851s] INFO:colcon.colcon_core.shell:Creating environment descriptor '/workspaces/ROS2Project/ros_ws/build/temp_sensor/share/temp_sensor/hook/pythonpath_develop.dsv'
[3.852s] INFO:colcon.colcon_core.shell:Creating environment hook '/workspaces/ROS2Project/ros_ws/build/temp_sensor/share/temp_sensor/hook/pythonpath_develop.sh'
[3.852s] Level 1:colcon.colcon_core.environment:checking '/workspaces/ROS2Project/ros_ws/install/temp_sensor' for CMake module files
[3.853s] Level 1:colcon.colcon_core.environment:checking '/workspaces/ROS2Project/ros_ws/install/temp_sensor' for CMake config files
[3.854s] Level 1:colcon.colcon_core.environment:checking '/workspaces/ROS2Project/ros_ws/install/temp_sensor/lib'
[3.854s] Level 1:colcon.colcon_core.environment:checking '/workspaces/ROS2Project/ros_ws/install/temp_sensor/bin'
[3.854s] Level 1:colcon.colcon_core.environment:checking '/workspaces/ROS2Project/ros_ws/install/temp_sensor/lib/pkgconfig/temp_sensor.pc'
[3.855s] DEBUG:colcon.colcon_core.event_handler.log_command:Invoked command in '/workspaces/ROS2Project/ros_ws/build/temp_sensor' returned '0': PYTHONPATH=/workspaces/ROS2Project/ros_ws/build/temp_sensor/prefix_override:/usr/lib/python3/dist-packages/colcon_core/task/python/colcon_distutils_commands:/workspaces/ROS2Project/ros_ws/install/temp_sensor/lib/python3.8/site-packages: /usr/bin/python3 -W ignore:setup.py install is deprecated -W ignore:easy_install command is deprecated setup.py develop --editable --build-directory /workspaces/ROS2Project/ros_ws/build/temp_sensor/build --no-deps symlink_data
[3.856s] Level 1:colcon.colcon_core.environment:checking '/workspaces/ROS2Project/ros_ws/install/temp_sensor/lib/python3.8/site-packages'
[3.856s] Level 1:colcon.colcon_core.shell:create_environment_hook('temp_sensor', 'pythonpath')
[3.856s] INFO:colcon.colcon_core.shell:Creating environment hook '/workspaces/ROS2Project/ros_ws/install/temp_sensor/share/temp_sensor/hook/pythonpath.ps1'
[3.857s] INFO:colcon.colcon_core.shell:Creating environment descriptor '/workspaces/ROS2Project/ros_ws/install/temp_sensor/share/temp_sensor/hook/pythonpath.dsv'
[3.857s] INFO:colcon.colcon_core.shell:Creating environment hook '/workspaces/ROS2Project/ros_ws/install/temp_sensor/share/temp_sensor/hook/pythonpath.sh'
[3.858s] Level 1:colcon.colcon_core.environment:checking '/workspaces/ROS2Project/ros_ws/install/temp_sensor/bin'
[3.858s] Level 1:colcon.colcon_core.environment:create_environment_scripts_only(temp_sensor)
[3.859s] INFO:colcon.colcon_core.shell:Creating package script '/workspaces/ROS2Project/ros_ws/install/temp_sensor/share/temp_sensor/package.ps1'
[3.860s] INFO:colcon.colcon_core.shell:Creating package descriptor '/workspaces/ROS2Project/ros_ws/install/temp_sensor/share/temp_sensor/package.dsv'
[3.860s] INFO:colcon.colcon_core.shell:Creating package script '/workspaces/ROS2Project/ros_ws/install/temp_sensor/share/temp_sensor/package.sh'
[3.861s] INFO:colcon.colcon_core.shell:Creating package script '/workspaces/ROS2Project/ros_ws/install/temp_sensor/share/temp_sensor/package.bash'
[3.862s] INFO:colcon.colcon_core.shell:Creating package script '/workspaces/ROS2Project/ros_ws/install/temp_sensor/share/temp_sensor/package.zsh'
[3.862s] Level 1:colcon.colcon_core.environment:create_file_with_runtime_dependencies(/workspaces/ROS2Project/ros_ws/install/temp_sensor/share/colcon-core/packages/temp_sensor)
[3.864s] DEBUG:colcon.colcon_parallel_executor.executor.parallel:closing loop
[3.864s] DEBUG:colcon.colcon_parallel_executor.executor.parallel:loop closed
[3.864s] DEBUG:colcon.colcon_parallel_executor.executor.parallel:run_until_complete finished with '0'
[3.865s] DEBUG:colcon.colcon_core.event_reactor:joining thread
[3.883s] INFO:colcon.colcon_core.plugin_system:Skipping extension 'colcon_notification.desktop_notification.notify_send': Could not find 'notify-send'
[3.883s] INFO:colcon.colcon_core.plugin_system:Skipping extension 'colcon_notification.desktop_notification.terminal_notifier': Not used on non-Darwin systems
[3.884s] INFO:colcon.colcon_core.plugin_system:Skipping extension 'colcon_notification.desktop_notification.win32': Not used on non-Windows systems
[3.884s] INFO:colcon.colcon_notification.desktop_notification:Sending desktop notification using 'notify2'
[3.884s] DEBUG:colcon.colcon_notification.desktop_notification.notify2:Failed to initialize notify2: org.freedesktop.DBus.Error.NotSupported: Unable to autolaunch a dbus-daemon without a $DISPLAY for X11
[3.884s] DEBUG:colcon.colcon_core.event_reactor:joined thread
[3.885s] INFO:colcon.colcon_core.shell:Creating prefix script '/workspaces/ROS2Project/ros_ws/install/local_setup.ps1'
[3.888s] INFO:colcon.colcon_core.shell:Creating prefix util module '/workspaces/ROS2Project/ros_ws/install/_local_setup_util_ps1.py'
[3.891s] INFO:colcon.colcon_core.shell:Creating prefix chain script '/workspaces/ROS2Project/ros_ws/install/setup.ps1'
[3.892s] INFO:colcon.colcon_core.shell:Creating prefix script '/workspaces/ROS2Project/ros_ws/install/local_setup.sh'
[3.893s] INFO:colcon.colcon_core.shell:Creating prefix util module '/workspaces/ROS2Project/ros_ws/install/_local_setup_util_sh.py'
[3.893s] INFO:colcon.colcon_core.shell:Creating prefix chain script '/workspaces/ROS2Project/ros_ws/install/setup.sh'
[3.896s] INFO:colcon.colcon_core.shell:Creating prefix script '/workspaces/ROS2Project/ros_ws/install/local_setup.bash'
[3.898s] INFO:colcon.colcon_core.shell:Creating prefix chain script '/workspaces/ROS2Project/ros_ws/install/setup.bash'
[3.899s] INFO:colcon.colcon_core.shell:Creating prefix script '/workspaces/ROS2Project/ros_ws/install/local_setup.zsh'
[3.901s] INFO:colcon.colcon_core.shell:Creating prefix chain script '/workspaces/ROS2Project/ros_ws/install/setup.zsh'
